[ 2017-06-23T00:13:54+08:00 ] ::1 /yynews/index.php/Admin/RBAC/adminManager
ERR: 1052:Column 'create_time' in field list is ambiguous
 [ SQL语句 ] : select userName,create_time,updata_time,role_name from admin,role where admin.role_id=role.id and is_admin=0

[ 2017-06-23T00:25:48+08:00 ] ::1 /yynews/index.php/Admin/RBAC/adminManager?adminName=houxiang
ERR: 1054:Unknown column 'houxiang' in 'where clause'
 [ SQL语句 ] : delete from admin where userName=houxiang

[ 2017-06-23T00:39:24+08:00 ] ::1 /yynews/index.php/Admin/RBAC/userModify/adminName/houxiang
ERR: 1054:Unknown column 'houxiang' in 'where clause'
 [ SQL语句 ] : select userName,role_id from admin where userName=houxiang

[ 2017-06-23T00:45:01+08:00 ] ::1 /yynews/index.php/Admin/RBAC/userModify
ERR: 1054:Unknown column 'houxiang' in 'where clause'
 [ SQL语句 ] : update admin set userName='houxiang11',role_id=-1 where userName=houxiang

[ 2017-06-23T08:30:32+08:00 ] 127.0.0.1 /yynews/index.php/Admin/RBAC/accessModify
INFO: [ app_begin ] --START--
INFO: Run Behavior\ReadHtmlCacheBehavior [ RunTime:0.001000s ]
INFO: [ app_begin ] --END-- [ RunTime:0.001000s ]
NOTIC: [2048] Declaration of Admin\Controller\RBACController::error() should be compatible with Think\Controller::error($message = '', $jumpUrl = '', $ajax = false) D:\xampp\htdocs\yynews\Admin\Controller\RBACController.class.php 第 162 行.
SQL: SHOW COLUMNS FROM `access` [ RunTime:0.0030s ]
SQL: update access set access_name='新闻管理',urls='newsManager',status=0 where id=6 [ RunTime:0.1180s ]
SQL: select updata_time from access where id=6 [ RunTime:0.0000s ]
INFO: [ app_end ] --START--
INFO: Run Behavior\ShowPageTraceBehavior [ RunTime:0.001000s ]
INFO: [ app_end ] --END-- [ RunTime:0.001000s ]

[ 2017-06-23T08:30:43+08:00 ] 127.0.0.1 /yynews/index.php/Admin/RBAC/accessModify
INFO: [ app_begin ] --START--
INFO: Run Behavior\ReadHtmlCacheBehavior [ RunTime:0.001000s ]
INFO: [ app_begin ] --END-- [ RunTime:0.001000s ]
NOTIC: [2048] Declaration of Admin\Controller\RBACController::error() should be compatible with Think\Controller::error($message = '', $jumpUrl = '', $ajax = false) D:\xampp\htdocs\yynews\Admin\Controller\RBACController.class.php 第 162 行.
SQL: SHOW COLUMNS FROM `access` [ RunTime:0.0020s ]
SQL: update access set access_name='新闻管理',urls='newsManager',status=1 where id=6 [ RunTime:0.1080s ]
SQL: select updata_time from access where id=6 [ RunTime:0.0000s ]
INFO: [ app_end ] --START--
INFO: Run Behavior\ShowPageTraceBehavior [ RunTime:0.003000s ]
INFO: [ app_end ] --END-- [ RunTime:0.003000s ]

[ 2017-06-23T08:30:51+08:00 ] 127.0.0.1 /yynews/index.php/Admin/RBAC/accessModify
INFO: [ app_begin ] --START--
INFO: Run Behavior\ReadHtmlCacheBehavior [ RunTime:0.001000s ]
INFO: [ app_begin ] --END-- [ RunTime:0.002000s ]
NOTIC: [2048] Declaration of Admin\Controller\RBACController::error() should be compatible with Think\Controller::error($message = '', $jumpUrl = '', $ajax = false) D:\xampp\htdocs\yynews\Admin\Controller\RBACController.class.php 第 162 行.
SQL: SHOW COLUMNS FROM `access` [ RunTime:0.0030s ]
SQL: update access set access_name='评论管理',urls='commentManager',status=0 where id=5 [ RunTime:0.0780s ]
SQL: select updata_time from access where id=5 [ RunTime:0.0010s ]
INFO: [ app_end ] --START--
INFO: Run Behavior\ShowPageTraceBehavior [ RunTime:0.001000s ]
INFO: [ app_end ] --END-- [ RunTime:0.001000s ]

[ 2017-06-23T08:31:35+08:00 ] 127.0.0.1 /yynews/index.php/Admin/RBAC/accessModify
INFO: [ app_begin ] --START--
INFO: Run Behavior\ReadHtmlCacheBehavior [ RunTime:0.001000s ]
INFO: [ app_begin ] --END-- [ RunTime:0.002000s ]
NOTIC: [2048] Declaration of Admin\Controller\RBACController::error() should be compatible with Think\Controller::error($message = '', $jumpUrl = '', $ajax = false) D:\xampp\htdocs\yynews\Admin\Controller\RBACController.class.php 第 162 行.
SQL: SHOW COLUMNS FROM `access` [ RunTime:0.0020s ]
SQL: update access set access_name='类别管理',urls='categoryManager',status=0 where id=3 [ RunTime:0.1820s ]
SQL: select updata_time from access where id=3 [ RunTime:0.0000s ]
INFO: [ app_end ] --START--
INFO: Run Behavior\ShowPageTraceBehavior [ RunTime:0.001000s ]
INFO: [ app_end ] --END-- [ RunTime:0.001000s ]

[ 2017-06-23T08:31:43+08:00 ] 127.0.0.1 /yynews/index.php/Admin/RBAC/accessModify
INFO: [ app_begin ] --START--
INFO: Run Behavior\ReadHtmlCacheBehavior [ RunTime:0.000000s ]
INFO: [ app_begin ] --END-- [ RunTime:0.001000s ]
NOTIC: [2048] Declaration of Admin\Controller\RBACController::error() should be compatible with Think\Controller::error($message = '', $jumpUrl = '', $ajax = false) D:\xampp\htdocs\yynews\Admin\Controller\RBACController.class.php 第 162 行.
SQL: SHOW COLUMNS FROM `access` [ RunTime:0.0020s ]
SQL: update access set access_name='类别管理',urls='categoryManager',status=1 where id=3 [ RunTime:0.0880s ]
SQL: select updata_time from access where id=3 [ RunTime:0.0000s ]
INFO: [ app_end ] --START--
INFO: Run Behavior\ShowPageTraceBehavior [ RunTime:0.001000s ]
INFO: [ app_end ] --END-- [ RunTime:0.001000s ]

[ 2017-06-23T08:31:46+08:00 ] 127.0.0.1 /yynews/index.php/Admin/RBAC/accessModify
INFO: [ app_begin ] --START--
INFO: Run Behavior\ReadHtmlCacheBehavior [ RunTime:0.001000s ]
INFO: [ app_begin ] --END-- [ RunTime:0.002000s ]
NOTIC: [2048] Declaration of Admin\Controller\RBACController::error() should be compatible with Think\Controller::error($message = '', $jumpUrl = '', $ajax = false) D:\xampp\htdocs\yynews\Admin\Controller\RBACController.class.php 第 162 行.
SQL: SHOW COLUMNS FROM `access` [ RunTime:0.0020s ]
SQL: update access set access_name='评论管理',urls='commentManager',status=1 where id=5 [ RunTime:0.1300s ]
SQL: select updata_time from access where id=5 [ RunTime:0.0000s ]
INFO: [ app_end ] --START--
INFO: Run Behavior\ShowPageTraceBehavior [ RunTime:0.001000s ]
INFO: [ app_end ] --END-- [ RunTime:0.001000s ]

[ 2017-06-23T12:41:50+08:00 ] ::1 /yynews/index.php/Admin/Manager/register
ERR: 1064:You have an error in your SQL syntax; check the manual that corresponds to your MariaDB server version for the right syntax to use near 'where userName=houxiang1111' at line 1
 [ SQL语句 ] : select * from where userName=houxiang1111

[ 2017-06-23T12:42:02+08:00 ] ::1 /yynews/index.php/Admin/Manager/register
ERR: 1064:You have an error in your SQL syntax; check the manual that corresponds to your MariaDB server version for the right syntax to use near 'where userName='houxiang1111'' at line 1
 [ SQL语句 ] : select * from where userName='houxiang1111'

