[ 2017-06-22T12:35:53+08:00 ] ::1 /yynews/index.php/Admin/RBAC/linkManager
ERR: 非法操作:linkManager

[ 2017-06-22T12:51:28+08:00 ] ::1 /yynews/index.php/Admin/RBAC/commentManager
ERR: 非法操作:commentManager

[ 2017-06-22T12:51:31+08:00 ] ::1 /yynews/index.php/Admin/RBAC/newsManager
ERR: 非法操作:newsManager

[ 2017-06-22T12:51:33+08:00 ] ::1 /yynews/index.php/Admin/RBAC/newsManager
ERR: 非法操作:newsManager

[ 2017-06-22T12:51:59+08:00 ] ::1 /yynews/index.php/Admin/RBAC/categoryManager
ERR: 非法操作:categoryManager

[ 2017-06-22T12:52:07+08:00 ] ::1 /yynews/index.php/Admin/RBAC/linkManager
ERR: 非法操作:linkManager

[ 2017-06-22T18:59:53+08:00 ] ::1 /yynews/index.php/Admin/RBAC/accessModify
INFO: [ app_begin ] --START--
INFO: Run Behavior\ReadHtmlCacheBehavior [ RunTime:0.001000s ]
INFO: [ app_begin ] --END-- [ RunTime:0.002000s ]
SQL: SHOW COLUMNS FROM `access` [ RunTime:0.0030s ]
NOTIC: [8] Undefined index: access_id D:\xampp\htdocs\yynews\Admin\Controller\RBACController.class.php 第 36 行.
NOTIC: [8] Undefined index: access_name D:\xampp\htdocs\yynews\Admin\Controller\RBACController.class.php 第 37 行.
NOTIC: [8] Undefined index: access_url D:\xampp\htdocs\yynews\Admin\Controller\RBACController.class.php 第 38 行.
NOTIC: [8] Undefined index: access_status D:\xampp\htdocs\yynews\Admin\Controller\RBACController.class.php 第 39 行.
ERR: 1064:You have an error in your SQL syntax; check the manual that corresponds to your MariaDB server version for the right syntax to use near 'urls=,status= where id=' at line 1
 [ SQL语句 ] : update access set access_name=,urls=,status= where id=
ERR: 1064:You have an error in your SQL syntax; check the manual that corresponds to your MariaDB server version for the right syntax to use near 'urls=,status= where id=' at line 1
 [ SQL语句 ] : update access set access_name=,urls=,status= where id=

[ 2017-06-22T19:00:32+08:00 ] ::1 /yynews/index.php/Admin/RBAC/accessModify
ERR: 1064:You have an error in your SQL syntax; check the manual that corresponds to your MariaDB server version for the right syntax to use near 'urls=,status= where id=' at line 1
 [ SQL语句 ] : update access set access_name=,urls=,status= where id=

[ 2017-06-22T19:00:41+08:00 ] ::1 /yynews/index.php/Admin/RBAC/accessModify
INFO: [ app_begin ] --START--
INFO: Run Behavior\ReadHtmlCacheBehavior [ RunTime:0.001000s ]
INFO: [ app_begin ] --END-- [ RunTime:0.001000s ]
SQL: SHOW COLUMNS FROM `access` [ RunTime:0.0030s ]
NOTIC: [8] Undefined index: access_id D:\xampp\htdocs\yynews\Admin\Controller\RBACController.class.php 第 36 行.
NOTIC: [8] Undefined index: access_name D:\xampp\htdocs\yynews\Admin\Controller\RBACController.class.php 第 37 行.
NOTIC: [8] Undefined index: access_url D:\xampp\htdocs\yynews\Admin\Controller\RBACController.class.php 第 38 行.
NOTIC: [8] Undefined index: access_status D:\xampp\htdocs\yynews\Admin\Controller\RBACController.class.php 第 39 行.
ERR: 1064:You have an error in your SQL syntax; check the manual that corresponds to your MariaDB server version for the right syntax to use near 'urls=,status= where id=' at line 1
 [ SQL语句 ] : update access set access_name=,urls=,status= where id=
ERR: 1064:You have an error in your SQL syntax; check the manual that corresponds to your MariaDB server version for the right syntax to use near 'urls=,status= where id=' at line 1
 [ SQL语句 ] : update access set access_name=,urls=,status= where id=

[ 2017-06-22T19:02:45+08:00 ] ::1 /yynews/index.php/Admin/RBAC/accessModify
INFO: [ app_begin ] --START--
INFO: Run Behavior\ReadHtmlCacheBehavior [ RunTime:0.000000s ]
INFO: [ app_begin ] --END-- [ RunTime:0.002000s ]
SQL: SHOW COLUMNS FROM `access` [ RunTime:0.0070s ]
NOTIC: [8] Undefined index: access_id D:\xampp\htdocs\yynews\Admin\Controller\RBACController.class.php 第 37 行.
NOTIC: [8] Undefined index: access_name D:\xampp\htdocs\yynews\Admin\Controller\RBACController.class.php 第 38 行.
NOTIC: [8] Undefined index: access_url D:\xampp\htdocs\yynews\Admin\Controller\RBACController.class.php 第 39 行.
NOTIC: [8] Undefined index: access_status D:\xampp\htdocs\yynews\Admin\Controller\RBACController.class.php 第 40 行.
ERR: 1064:You have an error in your SQL syntax; check the manual that corresponds to your MariaDB server version for the right syntax to use near 'urls=,status= where id=' at line 1
 [ SQL语句 ] : update access set access_name=,urls=,status= where id=
ERR: 1064:You have an error in your SQL syntax; check the manual that corresponds to your MariaDB server version for the right syntax to use near 'urls=,status= where id=' at line 1
 [ SQL语句 ] : update access set access_name=,urls=,status= where id=

[ 2017-06-22T19:02:51+08:00 ] ::1 /yynews/index.php/Admin/RBAC/accessModify
INFO: [ app_begin ] --START--
INFO: Run Behavior\ReadHtmlCacheBehavior [ RunTime:0.000000s ]
INFO: [ app_begin ] --END-- [ RunTime:0.001000s ]
SQL: SHOW COLUMNS FROM `access` [ RunTime:0.0030s ]
NOTIC: [8] Undefined index: access_id D:\xampp\htdocs\yynews\Admin\Controller\RBACController.class.php 第 37 行.
NOTIC: [8] Undefined index: access_name D:\xampp\htdocs\yynews\Admin\Controller\RBACController.class.php 第 38 行.
NOTIC: [8] Undefined index: access_url D:\xampp\htdocs\yynews\Admin\Controller\RBACController.class.php 第 39 行.
NOTIC: [8] Undefined index: access_status D:\xampp\htdocs\yynews\Admin\Controller\RBACController.class.php 第 40 行.
ERR: 1064:You have an error in your SQL syntax; check the manual that corresponds to your MariaDB server version for the right syntax to use near 'urls=,status= where id=' at line 1
 [ SQL语句 ] : update access set access_name=,urls=,status= where id=
ERR: 1064:You have an error in your SQL syntax; check the manual that corresponds to your MariaDB server version for the right syntax to use near 'urls=,status= where id=' at line 1
 [ SQL语句 ] : update access set access_name=,urls=,status= where id=

[ 2017-06-22T19:03:33+08:00 ] ::1 /yynews/index.php/Admin/RBAC/accessModify
INFO: [ app_begin ] --START--
INFO: Run Behavior\ReadHtmlCacheBehavior [ RunTime:0.001000s ]
INFO: [ app_begin ] --END-- [ RunTime:0.001000s ]
SQL: SHOW COLUMNS FROM `access` [ RunTime:0.0040s ]
NOTIC: [8] Undefined index: access_id D:\xampp\htdocs\yynews\Admin\Controller\RBACController.class.php 第 37 行.
NOTIC: [8] Undefined index: access_name D:\xampp\htdocs\yynews\Admin\Controller\RBACController.class.php 第 38 行.
NOTIC: [8] Undefined index: access_url D:\xampp\htdocs\yynews\Admin\Controller\RBACController.class.php 第 39 行.
NOTIC: [8] Undefined index: access_status D:\xampp\htdocs\yynews\Admin\Controller\RBACController.class.php 第 40 行.
ERR: 1064:You have an error in your SQL syntax; check the manual that corresponds to your MariaDB server version for the right syntax to use near 'urls=,status= where id=' at line 1
 [ SQL语句 ] : update access set access_name=,urls=,status= where id=
ERR: 1064:You have an error in your SQL syntax; check the manual that corresponds to your MariaDB server version for the right syntax to use near 'urls=,status= where id=' at line 1
 [ SQL语句 ] : update access set access_name=,urls=,status= where id=

[ 2017-06-22T19:04:47+08:00 ] ::1 /yynews/index.php/Admin/RBAC/accessModify
INFO: [ app_begin ] --START--
INFO: Run Behavior\ReadHtmlCacheBehavior [ RunTime:0.002000s ]
INFO: [ app_begin ] --END-- [ RunTime:0.002000s ]
SQL: SHOW COLUMNS FROM `access` [ RunTime:0.0080s ]
NOTIC: [8] Undefined index: access_id D:\xampp\htdocs\yynews\Admin\Controller\RBACController.class.php 第 37 行.
NOTIC: [8] Undefined index: access_name D:\xampp\htdocs\yynews\Admin\Controller\RBACController.class.php 第 38 行.
NOTIC: [8] Undefined index: access_url D:\xampp\htdocs\yynews\Admin\Controller\RBACController.class.php 第 39 行.
NOTIC: [8] Undefined index: access_status D:\xampp\htdocs\yynews\Admin\Controller\RBACController.class.php 第 40 行.
ERR: 1064:You have an error in your SQL syntax; check the manual that corresponds to your MariaDB server version for the right syntax to use near 'urls=,status= where id=' at line 1
 [ SQL语句 ] : update access set access_name=,urls=,status= where id=
ERR: 1064:You have an error in your SQL syntax; check the manual that corresponds to your MariaDB server version for the right syntax to use near 'urls=,status= where id=' at line 1
 [ SQL语句 ] : update access set access_name=,urls=,status= where id=

[ 2017-06-22T19:05:04+08:00 ] ::1 /yynews/index.php/Admin/RBAC/accessModify
INFO: [ app_begin ] --START--
INFO: Run Behavior\ReadHtmlCacheBehavior [ RunTime:0.001000s ]
INFO: [ app_begin ] --END-- [ RunTime:0.002000s ]
SQL: SHOW COLUMNS FROM `access` [ RunTime:0.0080s ]
NOTIC: [8] Undefined index: access_id D:\xampp\htdocs\yynews\Admin\Controller\RBACController.class.php 第 37 行.
NOTIC: [8] Undefined index: access_name D:\xampp\htdocs\yynews\Admin\Controller\RBACController.class.php 第 38 行.
NOTIC: [8] Undefined index: access_url D:\xampp\htdocs\yynews\Admin\Controller\RBACController.class.php 第 39 行.
NOTIC: [8] Undefined index: access_status D:\xampp\htdocs\yynews\Admin\Controller\RBACController.class.php 第 40 行.
ERR: 1064:You have an error in your SQL syntax; check the manual that corresponds to your MariaDB server version for the right syntax to use near 'urls=,status= where id=' at line 1
 [ SQL语句 ] : update access set access_name=,urls=,status= where id=
ERR: 1064:You have an error in your SQL syntax; check the manual that corresponds to your MariaDB server version for the right syntax to use near 'urls=,status= where id=' at line 1
 [ SQL语句 ] : update access set access_name=,urls=,status= where id=

[ 2017-06-22T19:05:44+08:00 ] ::1 /yynews/index.php/Admin/RBAC/accessModify
INFO: [ app_begin ] --START--
INFO: Run Behavior\ReadHtmlCacheBehavior [ RunTime:0.000000s ]
INFO: [ app_begin ] --END-- [ RunTime:0.002000s ]
SQL: SHOW COLUMNS FROM `access` [ RunTime:0.0060s ]
NOTIC: [8] Undefined index: access_id D:\xampp\htdocs\yynews\Admin\Controller\RBACController.class.php 第 37 行.
NOTIC: [8] Undefined index: access_name D:\xampp\htdocs\yynews\Admin\Controller\RBACController.class.php 第 38 行.
NOTIC: [8] Undefined index: access_url D:\xampp\htdocs\yynews\Admin\Controller\RBACController.class.php 第 39 行.
NOTIC: [8] Undefined index: access_status D:\xampp\htdocs\yynews\Admin\Controller\RBACController.class.php 第 40 行.
ERR: 1064:You have an error in your SQL syntax; check the manual that corresponds to your MariaDB server version for the right syntax to use near 'urls=,status= where id=' at line 1
 [ SQL语句 ] : update access set access_name=,urls=,status= where id=
ERR: 1064:You have an error in your SQL syntax; check the manual that corresponds to your MariaDB server version for the right syntax to use near 'urls=,status= where id=' at line 1
 [ SQL语句 ] : update access set access_name=,urls=,status= where id=

[ 2017-06-22T19:07:01+08:00 ] ::1 /yynews/index.php/Admin/RBAC/accessModify
INFO: [ app_begin ] --START--
INFO: Run Behavior\ReadHtmlCacheBehavior [ RunTime:0.000000s ]
INFO: [ app_begin ] --END-- [ RunTime:0.001000s ]
SQL: SHOW COLUMNS FROM `access` [ RunTime:0.0030s ]
NOTIC: [8] Undefined index: access_url D:\xampp\htdocs\yynews\Admin\Controller\RBACController.class.php 第 39 行.
NOTIC: [8] Undefined index: access_status D:\xampp\htdocs\yynews\Admin\Controller\RBACController.class.php 第 40 行.
ERR: 1064:You have an error in your SQL syntax; check the manual that corresponds to your MariaDB server version for the right syntax to use near 'status= where id=3' at line 1
 [ SQL语句 ] : update access set access_name=类别管理,urls=,status= where id=3
ERR: 1064:You have an error in your SQL syntax; check the manual that corresponds to your MariaDB server version for the right syntax to use near 'status= where id=3' at line 1
 [ SQL语句 ] : update access set access_name=类别管理,urls=,status= where id=3

[ 2017-06-22T19:07:25+08:00 ] ::1 /yynews/index.php/Admin/RBAC/accessModify
INFO: [ app_begin ] --START--
INFO: Run Behavior\ReadHtmlCacheBehavior [ RunTime:0.001000s ]
INFO: [ app_begin ] --END-- [ RunTime:0.002000s ]
SQL: SHOW COLUMNS FROM `access` [ RunTime:0.0080s ]
NOTIC: [8] Undefined index: access_url D:\xampp\htdocs\yynews\Admin\Controller\RBACController.class.php 第 39 行.
NOTIC: [8] Undefined index: access_status D:\xampp\htdocs\yynews\Admin\Controller\RBACController.class.php 第 40 行.
ERR: 1064:You have an error in your SQL syntax; check the manual that corresponds to your MariaDB server version for the right syntax to use near 'status= where id=3' at line 1
 [ SQL语句 ] : update access set access_name=类别管理,urls=,status= where id=3
ERR: 1064:You have an error in your SQL syntax; check the manual that corresponds to your MariaDB server version for the right syntax to use near 'status= where id=3' at line 1
 [ SQL语句 ] : update access set access_name=类别管理,urls=,status= where id=3

[ 2017-06-22T19:07:55+08:00 ] ::1 /yynews/index.php/Admin/RBAC/accessModify
INFO: [ app_begin ] --START--
INFO: Run Behavior\ReadHtmlCacheBehavior [ RunTime:0.001000s ]
INFO: [ app_begin ] --END-- [ RunTime:0.002000s ]
SQL: SHOW COLUMNS FROM `access` [ RunTime:0.0050s ]
NOTIC: [8] Undefined index: access_url D:\xampp\htdocs\yynews\Admin\Controller\RBACController.class.php 第 39 行.
ERR: 1064:You have an error in your SQL syntax; check the manual that corresponds to your MariaDB server version for the right syntax to use near 'status=1 where id=3' at line 1
 [ SQL语句 ] : update access set access_name=类别管理,urls=,status=1 where id=3
ERR: 1064:You have an error in your SQL syntax; check the manual that corresponds to your MariaDB server version for the right syntax to use near 'status=1 where id=3' at line 1
 [ SQL语句 ] : update access set access_name=类别管理,urls=,status=1 where id=3

[ 2017-06-22T19:09:39+08:00 ] ::1 /yynews/index.php/Admin/RBAC/accessModify
INFO: [ app_begin ] --START--
INFO: Run Behavior\ReadHtmlCacheBehavior [ RunTime:0.001000s ]
INFO: [ app_begin ] --END-- [ RunTime:0.001000s ]
SQL: SHOW COLUMNS FROM `access` [ RunTime:0.0030s ]
ERR: 1054:Unknown column '类别管理' in 'field list'
 [ SQL语句 ] : update access set access_name=类别管理,urls=category,status=1 where id=3
ERR: 1054:Unknown column '类别管理' in 'field list'
 [ SQL语句 ] : update access set access_name=类别管理,urls=category,status=1 where id=3

[ 2017-06-22T19:10:07+08:00 ] ::1 /yynews/index.php/Admin/RBAC/accessModify
INFO: [ app_begin ] --START--
INFO: Run Behavior\ReadHtmlCacheBehavior [ RunTime:0.001000s ]
INFO: [ app_begin ] --END-- [ RunTime:0.002000s ]
SQL: SHOW COLUMNS FROM `access` [ RunTime:0.0030s ]
SQL: update access set access_name='类别管理',urls='category',status=1 where id=3 [ RunTime:0.0000s ]
INFO: [ app_end ] --START--
INFO: Run Behavior\ShowPageTraceBehavior [ RunTime:0.002000s ]
INFO: [ app_end ] --END-- [ RunTime:0.002000s ]

[ 2017-06-22T19:10:14+08:00 ] ::1 /yynews/index.php/Admin/RBAC/accessModify
INFO: [ app_begin ] --START--
INFO: Run Behavior\ReadHtmlCacheBehavior [ RunTime:0.001000s ]
INFO: [ app_begin ] --END-- [ RunTime:0.001000s ]
SQL: SHOW COLUMNS FROM `access` [ RunTime:0.0040s ]
SQL: update access set access_name='类别管理',urls='category',status=0 where id=3 [ RunTime:0.2760s ]
INFO: [ app_end ] --START--
INFO: Run Behavior\ShowPageTraceBehavior [ RunTime:0.002000s ]
INFO: [ app_end ] --END-- [ RunTime:0.002000s ]

[ 2017-06-22T19:10:32+08:00 ] ::1 /yynews/index.php/Admin/RBAC/accessModify
INFO: [ app_begin ] --START--
INFO: Run Behavior\ReadHtmlCacheBehavior [ RunTime:0.000000s ]
INFO: [ app_begin ] --END-- [ RunTime:0.001000s ]
SQL: SHOW COLUMNS FROM `access` [ RunTime:0.0040s ]
SQL: update access set access_name='类别管理',urls='category',status=0 where id=3 [ RunTime:0.0010s ]
INFO: [ app_end ] --START--
INFO: Run Behavior\ShowPageTraceBehavior [ RunTime:0.002001s ]
INFO: [ app_end ] --END-- [ RunTime:0.002001s ]

[ 2017-06-22T19:12:45+08:00 ] ::1 /yynews/index.php/Admin/RBAC/accessModify
INFO: [ app_begin ] --START--
INFO: Run Behavior\ReadHtmlCacheBehavior [ RunTime:0.001000s ]
INFO: [ app_begin ] --END-- [ RunTime:0.001000s ]
SQL: SHOW COLUMNS FROM `access` [ RunTime:0.0030s ]
SQL: update access set access_name='类别管理',urls='category',status=1 where id=3 [ RunTime:0.0900s ]
INFO: [ app_end ] --START--
INFO: Run Behavior\ShowPageTraceBehavior [ RunTime:0.002000s ]
INFO: [ app_end ] --END-- [ RunTime:0.002000s ]

[ 2017-06-22T19:15:19+08:00 ] ::1 /yynews/index.php/Admin/RBAC/accessModify
INFO: [ app_begin ] --START--
INFO: Run Behavior\ReadHtmlCacheBehavior [ RunTime:0.001000s ]
INFO: [ app_begin ] --END-- [ RunTime:0.001000s ]
SQL: SHOW COLUMNS FROM `access` [ RunTime:0.0030s ]
SQL: update access set access_name='类别管理',urls='category',status=0 where id=3 [ RunTime:0.2250s ]
SQL: select updata_time from access where id=3 [ RunTime:0.0000s ]
INFO: [ app_end ] --START--
INFO: Run Behavior\ShowPageTraceBehavior [ RunTime:0.002001s ]
INFO: [ app_end ] --END-- [ RunTime:0.002001s ]

[ 2017-06-22T19:15:24+08:00 ] ::1 /yynews/index.php/Admin/RBAC/accessModify
INFO: [ app_begin ] --START--
INFO: Run Behavior\ReadHtmlCacheBehavior [ RunTime:0.000000s ]
INFO: [ app_begin ] --END-- [ RunTime:0.001000s ]
SQL: SHOW COLUMNS FROM `access` [ RunTime:0.0040s ]
SQL: update access set access_name='类别管理',urls='category',status=0 where id=3 [ RunTime:0.0000s ]
INFO: [ app_end ] --START--
INFO: Run Behavior\ShowPageTraceBehavior [ RunTime:0.001000s ]
INFO: [ app_end ] --END-- [ RunTime:0.001000s ]

[ 2017-06-22T19:15:28+08:00 ] ::1 /yynews/index.php/Admin/RBAC/accessModify
INFO: [ app_begin ] --START--
INFO: Run Behavior\ReadHtmlCacheBehavior [ RunTime:0.001000s ]
INFO: [ app_begin ] --END-- [ RunTime:0.002000s ]
SQL: SHOW COLUMNS FROM `access` [ RunTime:0.0030s ]
SQL: update access set access_name='类别管理',urls='category',status=0 where id=3 [ RunTime:0.0000s ]
INFO: [ app_end ] --START--
INFO: Run Behavior\ShowPageTraceBehavior [ RunTime:0.001000s ]
INFO: [ app_end ] --END-- [ RunTime:0.001000s ]

[ 2017-06-22T19:15:30+08:00 ] ::1 /yynews/index.php/Admin/RBAC/accessModify
INFO: [ app_begin ] --START--
INFO: Run Behavior\ReadHtmlCacheBehavior [ RunTime:0.000000s ]
INFO: [ app_begin ] --END-- [ RunTime:0.001000s ]
SQL: SHOW COLUMNS FROM `access` [ RunTime:0.0030s ]
SQL: update access set access_name='类别管理',urls='category',status=1 where id=3 [ RunTime:0.0950s ]
SQL: select updata_time from access where id=3 [ RunTime:0.0010s ]
INFO: [ app_end ] --START--
INFO: Run Behavior\ShowPageTraceBehavior [ RunTime:0.002000s ]
INFO: [ app_end ] --END-- [ RunTime:0.002000s ]

[ 2017-06-22T19:21:57+08:00 ] ::1 /yynews/index.php/Admin/RBAC/accessModify
INFO: [ app_begin ] --START--
INFO: Run Behavior\ReadHtmlCacheBehavior [ RunTime:0.000000s ]
INFO: [ app_begin ] --END-- [ RunTime:0.001000s ]
SQL: SHOW COLUMNS FROM `access` [ RunTime:0.0060s ]
SQL: update access set access_name='类别管理',urls='category',status=1 where id=3 [ RunTime:0.0010s ]
INFO: [ app_end ] --START--
INFO: Run Behavior\ShowPageTraceBehavior [ RunTime:0.001000s ]
INFO: [ app_end ] --END-- [ RunTime:0.002000s ]

[ 2017-06-22T19:22:31+08:00 ] ::1 /yynews/index.php/Admin/RBAC/accessModify
INFO: [ app_begin ] --START--
INFO: Run Behavior\ReadHtmlCacheBehavior [ RunTime:0.000000s ]
INFO: [ app_begin ] --END-- [ RunTime:0.001000s ]
SQL: SHOW COLUMNS FROM `access` [ RunTime:0.0050s ]
SQL: update access set access_name='类别管理',urls='category',status=1 where id=3 [ RunTime:0.0000s ]
INFO: [ app_end ] --START--
INFO: Run Behavior\ShowPageTraceBehavior [ RunTime:0.001000s ]
INFO: [ app_end ] --END-- [ RunTime:0.001000s ]

[ 2017-06-22T19:24:16+08:00 ] ::1 /yynews/index.php/Admin/RBAC/accessModify
INFO: [ app_begin ] --START--
INFO: Run Behavior\ReadHtmlCacheBehavior [ RunTime:0.001000s ]
INFO: [ app_begin ] --END-- [ RunTime:0.001000s ]
SQL: SHOW COLUMNS FROM `access` [ RunTime:0.0030s ]
SQL: update access set access_name='类别管理',urls='category',status=1 where id=3 [ RunTime:0.0010s ]
INFO: [ app_end ] --START--
INFO: Run Behavior\ShowPageTraceBehavior [ RunTime:0.001000s ]
INFO: [ app_end ] --END-- [ RunTime:0.001000s ]

[ 2017-06-22T19:25:11+08:00 ] ::1 /yynews/index.php/Admin/RBAC/accessModify
INFO: [ app_begin ] --START--
INFO: Run Behavior\ReadHtmlCacheBehavior [ RunTime:0.001000s ]
INFO: [ app_begin ] --END-- [ RunTime:0.001000s ]
SQL: SHOW COLUMNS FROM `access` [ RunTime:0.0030s ]
SQL: update access set access_name='类别管理',urls='category',status=1 where id=3 [ RunTime:0.0010s ]
INFO: [ app_end ] --START--
INFO: Run Behavior\ShowPageTraceBehavior [ RunTime:0.001000s ]
INFO: [ app_end ] --END-- [ RunTime:0.001000s ]

[ 2017-06-22T19:25:14+08:00 ] ::1 /yynews/index.php/Admin/RBAC/accessModify
INFO: [ app_begin ] --START--
INFO: Run Behavior\ReadHtmlCacheBehavior [ RunTime:0.001000s ]
INFO: [ app_begin ] --END-- [ RunTime:0.002000s ]
SQL: SHOW COLUMNS FROM `access` [ RunTime:0.0040s ]
SQL: update access set access_name='类别管理',urls='category',status=1 where id=3 [ RunTime:0.0000s ]
INFO: [ app_end ] --START--
INFO: Run Behavior\ShowPageTraceBehavior [ RunTime:0.001000s ]
INFO: [ app_end ] --END-- [ RunTime:0.001000s ]

[ 2017-06-22T19:25:23+08:00 ] ::1 /yynews/index.php/Admin/RBAC/accessModify
INFO: [ app_begin ] --START--
INFO: Run Behavior\ReadHtmlCacheBehavior [ RunTime:0.001000s ]
INFO: [ app_begin ] --END-- [ RunTime:0.001000s ]
SQL: SHOW COLUMNS FROM `access` [ RunTime:0.0030s ]
SQL: update access set access_name='类别管理',urls='category',status=1 where id=3 [ RunTime:0.0000s ]
INFO: [ app_end ] --START--
INFO: Run Behavior\ShowPageTraceBehavior [ RunTime:0.001000s ]
INFO: [ app_end ] --END-- [ RunTime:0.001000s ]

[ 2017-06-22T19:25:25+08:00 ] ::1 /yynews/index.php/Admin/RBAC/accessModify
INFO: [ app_begin ] --START--
INFO: Run Behavior\ReadHtmlCacheBehavior [ RunTime:0.001000s ]
INFO: [ app_begin ] --END-- [ RunTime:0.001000s ]
SQL: SHOW COLUMNS FROM `access` [ RunTime:0.0030s ]
SQL: update access set access_name='类别管理',urls='category',status=1 where id=3 [ RunTime:0.0010s ]
INFO: [ app_end ] --START--
INFO: Run Behavior\ShowPageTraceBehavior [ RunTime:0.000000s ]
INFO: [ app_end ] --END-- [ RunTime:0.000000s ]

[ 2017-06-22T19:25:26+08:00 ] ::1 /yynews/index.php/Admin/RBAC/accessModify
INFO: [ app_begin ] --START--
INFO: Run Behavior\ReadHtmlCacheBehavior [ RunTime:0.001000s ]
INFO: [ app_begin ] --END-- [ RunTime:0.001000s ]
SQL: SHOW COLUMNS FROM `access` [ RunTime:0.0030s ]
SQL: update access set access_name='类别管理',urls='category',status=1 where id=3 [ RunTime:0.0000s ]
INFO: [ app_end ] --START--
INFO: Run Behavior\ShowPageTraceBehavior [ RunTime:0.001000s ]
INFO: [ app_end ] --END-- [ RunTime:0.001000s ]

[ 2017-06-22T19:25:47+08:00 ] ::1 /yynews/index.php/Admin/RBAC/accessModify
INFO: [ app_begin ] --START--
INFO: Run Behavior\ReadHtmlCacheBehavior [ RunTime:0.001000s ]
INFO: [ app_begin ] --END-- [ RunTime:0.001000s ]
SQL: SHOW COLUMNS FROM `access` [ RunTime:0.0030s ]
SQL: update access set access_name='类别管理',urls='category',status=1 where id=3 [ RunTime:0.0010s ]
INFO: [ app_end ] --START--
INFO: Run Behavior\ShowPageTraceBehavior [ RunTime:0.001000s ]
INFO: [ app_end ] --END-- [ RunTime:0.001000s ]

[ 2017-06-22T19:27:38+08:00 ] ::1 /yynews/index.php/Admin/RBAC/accessModify
INFO: [ app_begin ] --START--
INFO: Run Behavior\ReadHtmlCacheBehavior [ RunTime:0.001000s ]
INFO: [ app_begin ] --END-- [ RunTime:0.001000s ]
SQL: SHOW COLUMNS FROM `access` [ RunTime:0.0030s ]
SQL: update access set access_name='类别管理',urls='category',status=1 where id=3 [ RunTime:0.0010s ]
INFO: [ app_end ] --START--
INFO: Run Behavior\ShowPageTraceBehavior [ RunTime:0.001001s ]
INFO: [ app_end ] --END-- [ RunTime:0.001001s ]

[ 2017-06-22T19:27:40+08:00 ] ::1 /yynews/index.php/Admin/RBAC/accessModify
INFO: [ app_begin ] --START--
INFO: Run Behavior\ReadHtmlCacheBehavior [ RunTime:0.001000s ]
INFO: [ app_begin ] --END-- [ RunTime:0.001000s ]
SQL: SHOW COLUMNS FROM `access` [ RunTime:0.0030s ]
SQL: update access set access_name='类别管理',urls='category',status=1 where id=3 [ RunTime:0.0000s ]
INFO: [ app_end ] --START--
INFO: Run Behavior\ShowPageTraceBehavior [ RunTime:0.001001s ]
INFO: [ app_end ] --END-- [ RunTime:0.001001s ]

[ 2017-06-22T19:27:46+08:00 ] ::1 /yynews/index.php/Admin/RBAC/accessModify
INFO: [ app_begin ] --START--
INFO: Run Behavior\ReadHtmlCacheBehavior [ RunTime:0.001001s ]
INFO: [ app_begin ] --END-- [ RunTime:0.001001s ]
SQL: SHOW COLUMNS FROM `access` [ RunTime:0.0030s ]
SQL: update access set access_name='类别管理',urls='category',status=1 where id=3 [ RunTime:0.0000s ]
INFO: [ app_end ] --START--
INFO: Run Behavior\ShowPageTraceBehavior [ RunTime:0.001000s ]
INFO: [ app_end ] --END-- [ RunTime:0.001000s ]

[ 2017-06-22T19:28:47+08:00 ] ::1 /yynews/index.php/Admin/RBAC/accessModify
INFO: [ app_begin ] --START--
INFO: Run Behavior\ReadHtmlCacheBehavior [ RunTime:0.001000s ]
INFO: [ app_begin ] --END-- [ RunTime:0.001000s ]
SQL: SHOW COLUMNS FROM `access` [ RunTime:0.0030s ]
SQL: update access set access_name='类别管理',urls='category',status=1 where id=3 [ RunTime:0.0000s ]
SQL: select updata_time from access where id=3 [ RunTime:0.0000s ]
INFO: [ app_end ] --START--
INFO: Run Behavior\ShowPageTraceBehavior [ RunTime:0.001000s ]
INFO: [ app_end ] --END-- [ RunTime:0.001000s ]

[ 2017-06-22T19:29:25+08:00 ] ::1 /yynews/index.php/Admin/RBAC/accessModify
INFO: [ app_begin ] --START--
INFO: Run Behavior\ReadHtmlCacheBehavior [ RunTime:0.001001s ]
INFO: [ app_begin ] --END-- [ RunTime:0.002001s ]
SQL: SHOW COLUMNS FROM `access` [ RunTime:0.0030s ]
SQL: update access set access_name='类别管理',urls='category',status=1 where id=3 [ RunTime:0.0000s ]
SQL: select updata_time from access where id=3 [ RunTime:0.0000s ]
INFO: [ app_end ] --START--
INFO: Run Behavior\ShowPageTraceBehavior [ RunTime:0.000000s ]
INFO: [ app_end ] --END-- [ RunTime:0.000000s ]

[ 2017-06-22T19:29:46+08:00 ] ::1 /yynews/index.php/Admin/RBAC/accessModify
INFO: [ app_begin ] --START--
INFO: Run Behavior\ReadHtmlCacheBehavior [ RunTime:0.001000s ]
INFO: [ app_begin ] --END-- [ RunTime:0.002000s ]
SQL: SHOW COLUMNS FROM `access` [ RunTime:0.0030s ]
SQL: update access set access_name='类别管理',urls='category',status=1 where id=3 [ RunTime:0.0000s ]
SQL: select updata_time from access where id=3 [ RunTime:0.0000s ]
INFO: [ app_end ] --START--
INFO: Run Behavior\ShowPageTraceBehavior [ RunTime:0.001000s ]
INFO: [ app_end ] --END-- [ RunTime:0.001000s ]

[ 2017-06-22T19:30:25+08:00 ] ::1 /yynews/index.php/Admin/RBAC/accessModify
INFO: [ app_begin ] --START--
INFO: Run Behavior\ReadHtmlCacheBehavior [ RunTime:0.001000s ]
INFO: [ app_begin ] --END-- [ RunTime:0.001000s ]
SQL: SHOW COLUMNS FROM `access` [ RunTime:0.0030s ]
SQL: update access set access_name='类别管理',urls='category',status=0 where id=3 [ RunTime:0.1310s ]
SQL: select updata_time from access where id=3 [ RunTime:0.0000s ]
INFO: [ app_end ] --START--
INFO: Run Behavior\ShowPageTraceBehavior [ RunTime:0.002000s ]
INFO: [ app_end ] --END-- [ RunTime:0.002000s ]

[ 2017-06-22T19:30:47+08:00 ] ::1 /yynews/index.php/Admin/RBAC/accessModify
INFO: [ app_begin ] --START--
INFO: Run Behavior\ReadHtmlCacheBehavior [ RunTime:0.000000s ]
INFO: [ app_begin ] --END-- [ RunTime:0.001000s ]
SQL: SHOW COLUMNS FROM `access` [ RunTime:0.0020s ]
SQL: update access set access_name='类别管理',urls='category',status=1 where id=3 [ RunTime:0.1350s ]
SQL: select updata_time from access where id=3 [ RunTime:0.0000s ]
INFO: [ app_end ] --START--
INFO: Run Behavior\ShowPageTraceBehavior [ RunTime:0.002000s ]
INFO: [ app_end ] --END-- [ RunTime:0.002000s ]

[ 2017-06-22T19:30:48+08:00 ] ::1 /yynews/index.php/Admin/RBAC/accessModify
INFO: [ app_begin ] --START--
INFO: Run Behavior\ReadHtmlCacheBehavior [ RunTime:0.001000s ]
INFO: [ app_begin ] --END-- [ RunTime:0.001000s ]
SQL: SHOW COLUMNS FROM `access` [ RunTime:0.0030s ]
SQL: update access set access_name='类别管理',urls='category',status=1 where id=3 [ RunTime:0.0010s ]
SQL: select updata_time from access where id=3 [ RunTime:0.0000s ]
INFO: [ app_end ] --START--
INFO: Run Behavior\ShowPageTraceBehavior [ RunTime:0.001000s ]
INFO: [ app_end ] --END-- [ RunTime:0.001000s ]

[ 2017-06-22T19:30:51+08:00 ] ::1 /yynews/index.php/Admin/RBAC/accessModify
INFO: [ app_begin ] --START--
INFO: Run Behavior\ReadHtmlCacheBehavior [ RunTime:0.001000s ]
INFO: [ app_begin ] --END-- [ RunTime:0.001000s ]
SQL: SHOW COLUMNS FROM `access` [ RunTime:0.0030s ]
SQL: update access set access_name='类别管理',urls='category',status=2 where id=3 [ RunTime:0.1000s ]
SQL: select updata_time from access where id=3 [ RunTime:0.0010s ]
INFO: [ app_end ] --START--
INFO: Run Behavior\ShowPageTraceBehavior [ RunTime:0.002000s ]
INFO: [ app_end ] --END-- [ RunTime:0.002000s ]

[ 2017-06-22T19:30:55+08:00 ] ::1 /yynews/index.php/Admin/RBAC/accessModify
INFO: [ app_begin ] --START--
INFO: Run Behavior\ReadHtmlCacheBehavior [ RunTime:0.001000s ]
INFO: [ app_begin ] --END-- [ RunTime:0.001000s ]
SQL: SHOW COLUMNS FROM `access` [ RunTime:0.0030s ]
SQL: update access set access_name='类别管理',urls='category',status=1 where id=3 [ RunTime:0.1140s ]
SQL: select updata_time from access where id=3 [ RunTime:0.0010s ]
INFO: [ app_end ] --START--
INFO: Run Behavior\ShowPageTraceBehavior [ RunTime:0.002000s ]
INFO: [ app_end ] --END-- [ RunTime:0.002000s ]

[ 2017-06-22T19:30:58+08:00 ] ::1 /yynews/index.php/Admin/RBAC/accessModify
INFO: [ app_begin ] --START--
INFO: Run Behavior\ReadHtmlCacheBehavior [ RunTime:0.001000s ]
INFO: [ app_begin ] --END-- [ RunTime:0.001000s ]
SQL: SHOW COLUMNS FROM `access` [ RunTime:0.0030s ]
SQL: update access set access_name='类别管理',urls='category',status=1 where id=3 [ RunTime:0.0000s ]
SQL: select updata_time from access where id=3 [ RunTime:0.0000s ]
INFO: [ app_end ] --START--
INFO: Run Behavior\ShowPageTraceBehavior [ RunTime:0.001000s ]
INFO: [ app_end ] --END-- [ RunTime:0.001000s ]

[ 2017-06-22T19:31:00+08:00 ] ::1 /yynews/index.php/Admin/RBAC/accessModify
INFO: [ app_begin ] --START--
INFO: Run Behavior\ReadHtmlCacheBehavior [ RunTime:0.001001s ]
INFO: [ app_begin ] --END-- [ RunTime:0.002001s ]
SQL: SHOW COLUMNS FROM `access` [ RunTime:0.0030s ]
SQL: update access set access_name='类别管理',urls='category',status=1 where id=3 [ RunTime:0.0000s ]
SQL: select updata_time from access where id=3 [ RunTime:0.0000s ]
INFO: [ app_end ] --START--
INFO: Run Behavior\ShowPageTraceBehavior [ RunTime:0.001000s ]
INFO: [ app_end ] --END-- [ RunTime:0.001000s ]

[ 2017-06-22T19:31:03+08:00 ] ::1 /yynews/index.php/Admin/RBAC/accessModify
INFO: [ app_begin ] --START--
INFO: Run Behavior\ReadHtmlCacheBehavior [ RunTime:0.001000s ]
INFO: [ app_begin ] --END-- [ RunTime:0.001000s ]
SQL: SHOW COLUMNS FROM `access` [ RunTime:0.0040s ]
SQL: update access set access_name='类别管理',urls='category',status=1 where id=3 [ RunTime:0.0010s ]
SQL: select updata_time from access where id=3 [ RunTime:0.0000s ]
INFO: [ app_end ] --START--
INFO: Run Behavior\ShowPageTraceBehavior [ RunTime:0.001000s ]
INFO: [ app_end ] --END-- [ RunTime:0.001000s ]

[ 2017-06-22T19:31:03+08:00 ] ::1 /yynews/index.php/Admin/RBAC/accessModify
INFO: [ app_begin ] --START--
INFO: Run Behavior\ReadHtmlCacheBehavior [ RunTime:0.000000s ]
INFO: [ app_begin ] --END-- [ RunTime:0.001000s ]
SQL: SHOW COLUMNS FROM `access` [ RunTime:0.0030s ]
SQL: update access set access_name='类别管理',urls='category',status=1 where id=3 [ RunTime:0.0000s ]
SQL: select updata_time from access where id=3 [ RunTime:0.0010s ]
INFO: [ app_end ] --START--
INFO: Run Behavior\ShowPageTraceBehavior [ RunTime:0.000000s ]
INFO: [ app_end ] --END-- [ RunTime:0.000000s ]

[ 2017-06-22T19:31:10+08:00 ] ::1 /yynews/index.php/Admin/RBAC/accessModify
INFO: [ app_begin ] --START--
INFO: Run Behavior\ReadHtmlCacheBehavior [ RunTime:0.001000s ]
INFO: [ app_begin ] --END-- [ RunTime:0.001000s ]
SQL: SHOW COLUMNS FROM `access` [ RunTime:0.0030s ]
SQL: update access set access_name='类别管理',urls='category',status=1 where id=3 [ RunTime:0.0000s ]
SQL: select updata_time from access where id=3 [ RunTime:0.0010s ]
INFO: [ app_end ] --START--
INFO: Run Behavior\ShowPageTraceBehavior [ RunTime:0.000000s ]
INFO: [ app_end ] --END-- [ RunTime:0.001000s ]

[ 2017-06-22T19:31:11+08:00 ] ::1 /yynews/index.php/Admin/RBAC/accessModify
INFO: [ app_begin ] --START--
INFO: Run Behavior\ReadHtmlCacheBehavior [ RunTime:0.000000s ]
INFO: [ app_begin ] --END-- [ RunTime:0.002000s ]
SQL: SHOW COLUMNS FROM `access` [ RunTime:0.0030s ]
SQL: update access set access_name='类别管理',urls='category',status=1 where id=3 [ RunTime:0.0000s ]
SQL: select updata_time from access where id=3 [ RunTime:0.0010s ]
INFO: [ app_end ] --START--
INFO: Run Behavior\ShowPageTraceBehavior [ RunTime:0.001000s ]
INFO: [ app_end ] --END-- [ RunTime:0.001000s ]

[ 2017-06-22T19:31:15+08:00 ] ::1 /yynews/index.php/Admin/RBAC/accessModify
INFO: [ app_begin ] --START--
INFO: Run Behavior\ReadHtmlCacheBehavior [ RunTime:0.001000s ]
INFO: [ app_begin ] --END-- [ RunTime:0.002000s ]
SQL: SHOW COLUMNS FROM `access` [ RunTime:0.0060s ]
SQL: update access set access_name='类别管理',urls='category',status=1 where id=3 [ RunTime:0.0010s ]
SQL: select updata_time from access where id=3 [ RunTime:0.0020s ]
INFO: [ app_end ] --START--
INFO: Run Behavior\ShowPageTraceBehavior [ RunTime:0.003000s ]
INFO: [ app_end ] --END-- [ RunTime:0.003000s ]

[ 2017-06-22T19:31:20+08:00 ] ::1 /yynews/index.php/Admin/RBAC/accessModify
INFO: [ app_begin ] --START--
INFO: Run Behavior\ReadHtmlCacheBehavior [ RunTime:0.001000s ]
INFO: [ app_begin ] --END-- [ RunTime:0.002000s ]
SQL: SHOW COLUMNS FROM `access` [ RunTime:0.0030s ]
SQL: update access set access_name='类别管理',urls='category',status=1 where id=3 [ RunTime:0.0000s ]
SQL: select updata_time from access where id=3 [ RunTime:0.0010s ]
INFO: [ app_end ] --START--
INFO: Run Behavior\ShowPageTraceBehavior [ RunTime:0.001000s ]
INFO: [ app_end ] --END-- [ RunTime:0.001000s ]

[ 2017-06-22T19:31:34+08:00 ] ::1 /yynews/index.php/Admin/RBAC/accessModify
INFO: [ app_begin ] --START--
INFO: Run Behavior\ReadHtmlCacheBehavior [ RunTime:0.001000s ]
INFO: [ app_begin ] --END-- [ RunTime:0.001000s ]
SQL: SHOW COLUMNS FROM `access` [ RunTime:0.0030s ]
SQL: update access set access_name='类别管理',urls='category',status=1 where id=3 [ RunTime:0.0000s ]
SQL: select updata_time from access where id=3 [ RunTime:0.0000s ]
INFO: [ app_end ] --START--
INFO: Run Behavior\ShowPageTraceBehavior [ RunTime:0.001000s ]
INFO: [ app_end ] --END-- [ RunTime:0.001000s ]

[ 2017-06-22T19:31:38+08:00 ] ::1 /yynews/index.php/Admin/RBAC/accessModify
INFO: [ app_begin ] --START--
INFO: Run Behavior\ReadHtmlCacheBehavior [ RunTime:0.001000s ]
INFO: [ app_begin ] --END-- [ RunTime:0.001000s ]
SQL: SHOW COLUMNS FROM `access` [ RunTime:0.0050s ]
SQL: update access set access_name='类别管理',urls='category',status=0 where id=3 [ RunTime:0.1530s ]
SQL: select updata_time from access where id=3 [ RunTime:0.0000s ]
INFO: [ app_end ] --START--
INFO: Run Behavior\ShowPageTraceBehavior [ RunTime:0.001000s ]
INFO: [ app_end ] --END-- [ RunTime:0.003000s ]

[ 2017-06-22T19:37:26+08:00 ] ::1 /yynews/index.php/Admin/RBAC/accessManager
ERR: 1054:Unknown column 'status' in 'field list'
 [ SQL语句 ] : select status from admin where access_name=admin

[ 2017-06-22T19:37:27+08:00 ] ::1 /yynews/index.php/Admin/RBAC/accessManager
ERR: 1054:Unknown column 'status' in 'field list'
 [ SQL语句 ] : select status from admin where access_name=admin

[ 2017-06-22T19:37:27+08:00 ] ::1 /yynews/index.php/Admin/RBAC/accessManager
ERR: 1054:Unknown column 'status' in 'field list'
 [ SQL语句 ] : select status from admin where access_name=admin

[ 2017-06-22T19:38:20+08:00 ] ::1 /yynews/index.php/Admin/RBAC/accessManager
ERR: 1054:Unknown column 'access_name' in 'where clause'
 [ SQL语句 ] : select is_admin from admin where access_name=admin

[ 2017-06-22T19:38:21+08:00 ] ::1 /yynews/index.php/Admin/RBAC/accessManager
ERR: 1054:Unknown column 'access_name' in 'where clause'
 [ SQL语句 ] : select is_admin from admin where access_name=admin

[ 2017-06-22T19:38:21+08:00 ] ::1 /yynews/index.php/Admin/RBAC/accessManager
ERR: 1054:Unknown column 'access_name' in 'where clause'
 [ SQL语句 ] : select is_admin from admin where access_name=admin

[ 2017-06-22T19:38:41+08:00 ] ::1 /yynews/index.php/Admin/RBAC/accessManager
ERR: 1054:Unknown column 'admin' in 'where clause'
 [ SQL语句 ] : select is_admin from admin where userName=admin

[ 2017-06-22T19:38:42+08:00 ] ::1 /yynews/index.php/Admin/RBAC/accessManager
ERR: 1054:Unknown column 'admin' in 'where clause'
 [ SQL语句 ] : select is_admin from admin where userName=admin

[ 2017-06-22T19:38:42+08:00 ] ::1 /yynews/index.php/Admin/RBAC/accessManager
ERR: 1054:Unknown column 'admin' in 'where clause'
 [ SQL语句 ] : select is_admin from admin where userName=admin

[ 2017-06-22T21:12:08+08:00 ] ::1 /yynews/index.php/Admin/RBAC/roleManager
ERR: Think\Controller:accign方法不存在！

[ 2017-06-22T21:12:43+08:00 ] ::1 /yynews/index.php/Admin/RBAC/accessModify
INFO: [ app_begin ] --START--
INFO: Run Behavior\ReadHtmlCacheBehavior [ RunTime:0.001000s ]
INFO: [ app_begin ] --END-- [ RunTime:0.001000s ]
NOTIC: [2048] Declaration of Admin\Controller\RBACController::error() should be compatible with Think\Controller::error($message = '', $jumpUrl = '', $ajax = false) D:\xampp\htdocs\yynews\Admin\Controller\RBACController.class.php 第 77 行.
SQL: SHOW COLUMNS FROM `access` [ RunTime:0.0020s ]
SQL: update access set access_name='类别管理',urls='categoryManager',status=0 where id=3 [ RunTime:0.2090s ]
SQL: select updata_time from access where id=3 [ RunTime:0.0010s ]
INFO: [ app_end ] --START--
INFO: Run Behavior\ShowPageTraceBehavior [ RunTime:0.002001s ]
INFO: [ app_end ] --END-- [ RunTime:0.002001s ]

[ 2017-06-22T21:15:24+08:00 ] ::1 /yynews/index.php/Admin/RBAC/accessModify
INFO: [ app_begin ] --START--
INFO: Run Behavior\ReadHtmlCacheBehavior [ RunTime:0.001000s ]
INFO: [ app_begin ] --END-- [ RunTime:0.002000s ]
NOTIC: [2048] Declaration of Admin\Controller\RBACController::error() should be compatible with Think\Controller::error($message = '', $jumpUrl = '', $ajax = false) D:\xampp\htdocs\yynews\Admin\Controller\RBACController.class.php 第 77 行.
SQL: SHOW COLUMNS FROM `access` [ RunTime:0.0050s ]
SQL: update access set access_name='类别管理',urls='categoryManager',status=1 where id=3 [ RunTime:0.1170s ]
SQL: select updata_time from access where id=3 [ RunTime:0.0000s ]
INFO: [ app_end ] --START--
INFO: Run Behavior\ShowPageTraceBehavior [ RunTime:0.003000s ]
INFO: [ app_end ] --END-- [ RunTime:0.003000s ]

[ 2017-06-22T21:16:06+08:00 ] ::1 /yynews/index.php/Admin/RBAC/accessModify
INFO: [ app_begin ] --START--
INFO: Run Behavior\ReadHtmlCacheBehavior [ RunTime:0.001000s ]
INFO: [ app_begin ] --END-- [ RunTime:0.001000s ]
NOTIC: [2048] Declaration of Admin\Controller\RBACController::error() should be compatible with Think\Controller::error($message = '', $jumpUrl = '', $ajax = false) D:\xampp\htdocs\yynews\Admin\Controller\RBACController.class.php 第 77 行.
SQL: SHOW COLUMNS FROM `access` [ RunTime:0.0030s ]
SQL: update access set access_name='类别管理',urls='categoryManager',status=0 where id=3 [ RunTime:0.1000s ]
SQL: select updata_time from access where id=3 [ RunTime:0.0000s ]
INFO: [ app_end ] --START--
INFO: Run Behavior\ShowPageTraceBehavior [ RunTime:0.001000s ]
INFO: [ app_end ] --END-- [ RunTime:0.001000s ]

[ 2017-06-22T21:16:08+08:00 ] ::1 /yynews/index.php/Admin/RBAC/roleManager
ERR: 1064:You have an error in your SQL syntax; check the manual that corresponds to your MariaDB server version for the right syntax to use near '==1' at line 1
 [ SQL语句 ] : select access_name,id from access where status==1

[ 2017-06-22T21:16:21+08:00 ] ::1 /yynews/index.php/Admin/RBAC/accessModify
INFO: [ app_begin ] --START--
INFO: Run Behavior\ReadHtmlCacheBehavior [ RunTime:0.000000s ]
INFO: [ app_begin ] --END-- [ RunTime:0.001000s ]
NOTIC: [2048] Declaration of Admin\Controller\RBACController::error() should be compatible with Think\Controller::error($message = '', $jumpUrl = '', $ajax = false) D:\xampp\htdocs\yynews\Admin\Controller\RBACController.class.php 第 77 行.
SQL: SHOW COLUMNS FROM `access` [ RunTime:0.0040s ]
SQL: update access set access_name='类别管理',urls='categoryManager',status=1 where id=3 [ RunTime:0.1090s ]
SQL: select updata_time from access where id=3 [ RunTime:0.0010s ]
INFO: [ app_end ] --START--
INFO: Run Behavior\ShowPageTraceBehavior [ RunTime:0.001000s ]
INFO: [ app_end ] --END-- [ RunTime:0.002000s ]

[ 2017-06-22T21:23:49+08:00 ] ::1 /yynews/index.php/Admin/RBAC/roleManager
ERR: 1054:Unknown column 'houxiang' in 'field list'
 [ SQL语句 ] : insert into role values(houxiang)

[ 2017-06-22T21:24:01+08:00 ] ::1 /yynews/index.php/Admin/RBAC/roleManager
ERR: 1136:Column count doesn't match value count at row 1
 [ SQL语句 ] : insert into role values('houxiang')

[ 2017-06-22T22:11:41+08:00 ] ::1 /yynews/index.php/Admin/roleModify/roleId/9
ERR: 无法加载控制器:RoleModify

[ 2017-06-22T22:11:50+08:00 ] ::1 /yynews/index.php/Admin/roleModify/roleId/9
ERR: 无法加载控制器:RoleModify

[ 2017-06-22T22:11:51+08:00 ] ::1 /yynews/index.php/Admin/roleModify/roleId/9
ERR: 无法加载控制器:RoleModify

[ 2017-06-22T22:11:51+08:00 ] ::1 /yynews/index.php/Admin/roleModify/roleId/9
ERR: 无法加载控制器:RoleModify

[ 2017-06-22T22:11:52+08:00 ] ::1 /yynews/index.php/Admin/roleModify/roleId/9
ERR: 无法加载控制器:RoleModify

[ 2017-06-22T22:11:52+08:00 ] ::1 /yynews/index.php/Admin/roleModify/roleId/9
ERR: 无法加载控制器:RoleModify

[ 2017-06-22T22:11:52+08:00 ] ::1 /yynews/index.php/Admin/roleModify/roleId/9
ERR: 无法加载控制器:RoleModify

[ 2017-06-22T22:11:52+08:00 ] ::1 /yynews/index.php/Admin/roleModify/roleId/9
ERR: 无法加载控制器:RoleModify

[ 2017-06-22T22:11:52+08:00 ] ::1 /yynews/index.php/Admin/roleModify/roleId/9
ERR: 无法加载控制器:RoleModify

[ 2017-06-22T22:12:11+08:00 ] ::1 /yynews/index.php/Admin/roleModify/roleId/9
ERR: 无法加载控制器:RoleModify

[ 2017-06-22T22:12:11+08:00 ] ::1 /yynews/index.php/Admin/roleModify/roleId/9
ERR: 无法加载控制器:RoleModify

[ 2017-06-22T22:12:11+08:00 ] ::1 /yynews/index.php/Admin/roleModify/roleId/9
ERR: 无法加载控制器:RoleModify

[ 2017-06-22T22:12:11+08:00 ] ::1 /yynews/index.php/Admin/roleModify/roleId/9
ERR: 无法加载控制器:RoleModify

[ 2017-06-22T22:12:11+08:00 ] ::1 /yynews/index.php/Admin/roleModify/roleId/9
ERR: 无法加载控制器:RoleModify

[ 2017-06-22T22:12:12+08:00 ] ::1 /yynews/index.php/Admin/roleModify/roleId/9
ERR: 无法加载控制器:RoleModify

[ 2017-06-22T22:12:12+08:00 ] ::1 /yynews/index.php/Admin/roleModify/roleId/9
ERR: 无法加载控制器:RoleModify

[ 2017-06-22T22:12:12+08:00 ] ::1 /yynews/index.php/Admin/roleModify/roleId/9
ERR: 无法加载控制器:RoleModify

[ 2017-06-22T22:12:44+08:00 ] ::1 /yynews/index.php/Admin/roleModify/roleId/9
ERR: 无法加载控制器:RoleModify

[ 2017-06-22T22:12:44+08:00 ] ::1 /yynews/index.php/Admin/roleModify/roleId/9
ERR: 无法加载控制器:RoleModify

[ 2017-06-22T22:12:44+08:00 ] ::1 /yynews/index.php/Admin/roleModify/roleId/9
ERR: 无法加载控制器:RoleModify

[ 2017-06-22T22:12:47+08:00 ] ::1 /yynews/index.php/Admin/roleModify/roleId/9
ERR: 无法加载控制器:RoleModify

[ 2017-06-22T22:21:53+08:00 ] ::1 /yynews/index.php/Admin/RBAC/roleModify/roleId/9
ERR: Think\Controller:assgin方法不存在！

[ 2017-06-22T22:21:54+08:00 ] ::1 /yynews/index.php/Admin/RBAC/roleModify/roleId/9
ERR: Think\Controller:assgin方法不存在！

[ 2017-06-22T22:21:54+08:00 ] ::1 /yynews/index.php/Admin/RBAC/roleModify/roleId/9
ERR: Think\Controller:assgin方法不存在！

[ 2017-06-22T22:48:06+08:00 ] ::1 /yynews/index.php/Admin/RBAC/roleModify
ERR: 1064:You have an error in your SQL syntax; check the manual that corresponds to your MariaDB server version for the right syntax to use near 'status=0 where id=9' at line 1
 [ SQL语句 ] : update role set role_name=,status=0 where id=9

[ 2017-06-22T22:56:55+08:00 ] ::1 /yynews/index.php/Admin/RBAC/roleModify
ERR: 1064:You have an error in your SQL syntax; check the manual that corresponds to your MariaDB server version for the right syntax to use near '9)' at line 1
 [ SQL语句 ] : insert into role_access (access_id,role_id)values(,9)

[ 2017-06-22T22:57:51+08:00 ] ::1 /yynews/index.php/Admin/RBAC/roleModify
ERR: 1064:You have an error in your SQL syntax; check the manual that corresponds to your MariaDB server version for the right syntax to use near '9)' at line 1
 [ SQL语句 ] : insert into role_access (access_id,role_id)values(,9)

[ 2017-06-22T22:58:23+08:00 ] ::1 /yynews/index.php/Admin/RBAC/roleModify
ERR: 1064:You have an error in your SQL syntax; check the manual that corresponds to your MariaDB server version for the right syntax to use near '9)' at line 1
 [ SQL语句 ] : insert into role_access (access_id,role_id)values(,9)

[ 2017-06-22T23:05:38+08:00 ] ::1 /yynews/index.php/Admin/RBAC/accessModify
INFO: [ app_begin ] --START--
INFO: Run Behavior\ReadHtmlCacheBehavior [ RunTime:0.001000s ]
INFO: [ app_begin ] --END-- [ RunTime:0.002000s ]
NOTIC: [2048] Declaration of Admin\Controller\RBACController::error() should be compatible with Think\Controller::error($message = '', $jumpUrl = '', $ajax = false) D:\xampp\htdocs\yynews\Admin\Controller\RBACController.class.php 第 131 行.
SQL: SHOW COLUMNS FROM `access` [ RunTime:0.0030s ]
SQL: update access set access_name='类别管理',urls='categoryManager',status=1 where id=3 [ RunTime:0.0000s ]
SQL: select updata_time from access where id=3 [ RunTime:0.0000s ]
INFO: [ app_end ] --START--
INFO: Run Behavior\ShowPageTraceBehavior [ RunTime:0.001000s ]
INFO: [ app_end ] --END-- [ RunTime:0.001000s ]

[ 2017-06-22T23:05:40+08:00 ] ::1 /yynews/index.php/Admin/RBAC/accessModify
INFO: [ app_begin ] --START--
INFO: Run Behavior\ReadHtmlCacheBehavior [ RunTime:0.001000s ]
INFO: [ app_begin ] --END-- [ RunTime:0.001000s ]
NOTIC: [2048] Declaration of Admin\Controller\RBACController::error() should be compatible with Think\Controller::error($message = '', $jumpUrl = '', $ajax = false) D:\xampp\htdocs\yynews\Admin\Controller\RBACController.class.php 第 131 行.
SQL: SHOW COLUMNS FROM `access` [ RunTime:0.0030s ]
SQL: update access set access_name='类别管理',urls='categoryManager',status=1 where id=3 [ RunTime:0.0000s ]
SQL: select updata_time from access where id=3 [ RunTime:0.0010s ]
INFO: [ app_end ] --START--
INFO: Run Behavior\ShowPageTraceBehavior [ RunTime:0.001000s ]
INFO: [ app_end ] --END-- [ RunTime:0.001000s ]

[ 2017-06-22T23:05:45+08:00 ] ::1 /yynews/index.php/Admin/RBAC/accessModify
INFO: [ app_begin ] --START--
INFO: Run Behavior\ReadHtmlCacheBehavior [ RunTime:0.001000s ]
INFO: [ app_begin ] --END-- [ RunTime:0.001000s ]
NOTIC: [2048] Declaration of Admin\Controller\RBACController::error() should be compatible with Think\Controller::error($message = '', $jumpUrl = '', $ajax = false) D:\xampp\htdocs\yynews\Admin\Controller\RBACController.class.php 第 131 行.
SQL: SHOW COLUMNS FROM `access` [ RunTime:0.0040s ]
SQL: update access set access_name='类别管理',urls='categoryManager',status=1 where id=3 [ RunTime:0.0000s ]
SQL: select updata_time from access where id=3 [ RunTime:0.0000s ]
INFO: [ app_end ] --START--
INFO: Run Behavior\ShowPageTraceBehavior [ RunTime:0.001001s ]
INFO: [ app_end ] --END-- [ RunTime:0.001001s ]

[ 2017-06-22T23:05:46+08:00 ] ::1 /yynews/index.php/Admin/RBAC/accessModify
INFO: [ app_begin ] --START--
INFO: Run Behavior\ReadHtmlCacheBehavior [ RunTime:0.000000s ]
INFO: [ app_begin ] --END-- [ RunTime:0.001000s ]
NOTIC: [2048] Declaration of Admin\Controller\RBACController::error() should be compatible with Think\Controller::error($message = '', $jumpUrl = '', $ajax = false) D:\xampp\htdocs\yynews\Admin\Controller\RBACController.class.php 第 131 行.
SQL: SHOW COLUMNS FROM `access` [ RunTime:0.0030s ]
SQL: update access set access_name='类别管理',urls='categoryManager',status=1 where id=3 [ RunTime:0.0010s ]
SQL: select updata_time from access where id=3 [ RunTime:0.0000s ]
INFO: [ app_end ] --START--
INFO: Run Behavior\ShowPageTraceBehavior [ RunTime:0.001000s ]
INFO: [ app_end ] --END-- [ RunTime:0.001000s ]

[ 2017-06-22T23:05:48+08:00 ] ::1 /yynews/index.php/Admin/RBAC/accessModify
INFO: [ app_begin ] --START--
INFO: Run Behavior\ReadHtmlCacheBehavior [ RunTime:0.001000s ]
INFO: [ app_begin ] --END-- [ RunTime:0.001000s ]
NOTIC: [2048] Declaration of Admin\Controller\RBACController::error() should be compatible with Think\Controller::error($message = '', $jumpUrl = '', $ajax = false) D:\xampp\htdocs\yynews\Admin\Controller\RBACController.class.php 第 131 行.
SQL: SHOW COLUMNS FROM `access` [ RunTime:0.0030s ]
SQL: update access set access_name='类别管理',urls='categoryManager',status=1 where id=3 [ RunTime:0.0000s ]
SQL: select updata_time from access where id=3 [ RunTime:0.0010s ]
INFO: [ app_end ] --START--
INFO: Run Behavior\ShowPageTraceBehavior [ RunTime:0.000000s ]
INFO: [ app_end ] --END-- [ RunTime:0.001000s ]

[ 2017-06-22T23:05:48+08:00 ] ::1 /yynews/index.php/Admin/RBAC/accessModify
INFO: [ app_begin ] --START--
INFO: Run Behavior\ReadHtmlCacheBehavior [ RunTime:0.001000s ]
INFO: [ app_begin ] --END-- [ RunTime:0.001000s ]
NOTIC: [2048] Declaration of Admin\Controller\RBACController::error() should be compatible with Think\Controller::error($message = '', $jumpUrl = '', $ajax = false) D:\xampp\htdocs\yynews\Admin\Controller\RBACController.class.php 第 131 行.
SQL: SHOW COLUMNS FROM `access` [ RunTime:0.0030s ]
SQL: update access set access_name='类别管理',urls='categoryManager',status=1 where id=3 [ RunTime:0.0000s ]
SQL: select updata_time from access where id=3 [ RunTime:0.0000s ]
INFO: [ app_end ] --START--
INFO: Run Behavior\ShowPageTraceBehavior [ RunTime:0.001000s ]
INFO: [ app_end ] --END-- [ RunTime:0.001000s ]

[ 2017-06-22T23:05:53+08:00 ] ::1 /yynews/index.php/Admin/RBAC/accessModify
INFO: [ app_begin ] --START--
INFO: Run Behavior\ReadHtmlCacheBehavior [ RunTime:0.000000s ]
INFO: [ app_begin ] --END-- [ RunTime:0.001000s ]
NOTIC: [2048] Declaration of Admin\Controller\RBACController::error() should be compatible with Think\Controller::error($message = '', $jumpUrl = '', $ajax = false) D:\xampp\htdocs\yynews\Admin\Controller\RBACController.class.php 第 131 行.
SQL: SHOW COLUMNS FROM `access` [ RunTime:0.0030s ]
SQL: update access set access_name='类别管理',urls='categoryManager',status=1 where id=3 [ RunTime:0.0000s ]
SQL: select updata_time from access where id=3 [ RunTime:0.0010s ]
INFO: [ app_end ] --START--
INFO: Run Behavior\ShowPageTraceBehavior [ RunTime:0.001000s ]
INFO: [ app_end ] --END-- [ RunTime:0.001000s ]

[ 2017-06-22T23:06:48+08:00 ] ::1 /yynews/index.php/Admin/RBAC/accessModify
INFO: [ app_begin ] --START--
INFO: Run Behavior\ReadHtmlCacheBehavior [ RunTime:0.001000s ]
INFO: [ app_begin ] --END-- [ RunTime:0.001000s ]
NOTIC: [2048] Declaration of Admin\Controller\RBACController::error() should be compatible with Think\Controller::error($message = '', $jumpUrl = '', $ajax = false) D:\xampp\htdocs\yynews\Admin\Controller\RBACController.class.php 第 131 行.
SQL: SHOW COLUMNS FROM `access` [ RunTime:0.0020s ]
SQL: update access set access_name='类别管理',urls='categoryManager',status=1 where id=3 [ RunTime:0.0000s ]
SQL: select updata_time from access where id=3 [ RunTime:0.0000s ]
INFO: [ app_end ] --START--
INFO: Run Behavior\ShowPageTraceBehavior [ RunTime:0.001000s ]
INFO: [ app_end ] --END-- [ RunTime:0.001000s ]

[ 2017-06-22T23:06:49+08:00 ] ::1 /yynews/index.php/Admin/RBAC/accessModify
INFO: [ app_begin ] --START--
INFO: Run Behavior\ReadHtmlCacheBehavior [ RunTime:0.001000s ]
INFO: [ app_begin ] --END-- [ RunTime:0.001000s ]
NOTIC: [2048] Declaration of Admin\Controller\RBACController::error() should be compatible with Think\Controller::error($message = '', $jumpUrl = '', $ajax = false) D:\xampp\htdocs\yynews\Admin\Controller\RBACController.class.php 第 131 行.
SQL: SHOW COLUMNS FROM `access` [ RunTime:0.0030s ]
SQL: update access set access_name='类别管理',urls='categoryManager',status=1 where id=3 [ RunTime:0.0000s ]
SQL: select updata_time from access where id=3 [ RunTime:0.0000s ]
INFO: [ app_end ] --START--
INFO: Run Behavior\ShowPageTraceBehavior [ RunTime:0.001000s ]
INFO: [ app_end ] --END-- [ RunTime:0.001000s ]

[ 2017-06-22T23:06:50+08:00 ] ::1 /yynews/index.php/Admin/RBAC/accessModify
INFO: [ app_begin ] --START--
INFO: Run Behavior\ReadHtmlCacheBehavior [ RunTime:0.001000s ]
INFO: [ app_begin ] --END-- [ RunTime:0.001000s ]
NOTIC: [2048] Declaration of Admin\Controller\RBACController::error() should be compatible with Think\Controller::error($message = '', $jumpUrl = '', $ajax = false) D:\xampp\htdocs\yynews\Admin\Controller\RBACController.class.php 第 131 行.
SQL: SHOW COLUMNS FROM `access` [ RunTime:0.0030s ]
SQL: update access set access_name='类别管理',urls='categoryManager',status=1 where id=3 [ RunTime:0.0010s ]
SQL: select updata_time from access where id=3 [ RunTime:0.0000s ]
INFO: [ app_end ] --START--
INFO: Run Behavior\ShowPageTraceBehavior [ RunTime:0.001000s ]
INFO: [ app_end ] --END-- [ RunTime:0.001000s ]

[ 2017-06-22T23:07:04+08:00 ] ::1 /yynews/index.php/Admin/RBAC/accessModify
INFO: [ app_begin ] --START--
INFO: Run Behavior\ReadHtmlCacheBehavior [ RunTime:0.000000s ]
INFO: [ app_begin ] --END-- [ RunTime:0.000000s ]
NOTIC: [2048] Declaration of Admin\Controller\RBACController::error() should be compatible with Think\Controller::error($message = '', $jumpUrl = '', $ajax = false) D:\xampp\htdocs\yynews\Admin\Controller\RBACController.class.php 第 131 行.
SQL: SHOW COLUMNS FROM `access` [ RunTime:0.0030s ]
SQL: update access set access_name='类别管理',urls='categoryManager',status=1 where id=3 [ RunTime:0.0000s ]
SQL: select updata_time from access where id=3 [ RunTime:0.0000s ]
INFO: [ app_end ] --START--
INFO: Run Behavior\ShowPageTraceBehavior [ RunTime:0.001000s ]
INFO: [ app_end ] --END-- [ RunTime:0.001000s ]

[ 2017-06-22T23:09:00+08:00 ] ::1 /yynews/index.php/Admin/RBAC/accessModify
INFO: [ app_begin ] --START--
INFO: Run Behavior\ReadHtmlCacheBehavior [ RunTime:0.000000s ]
INFO: [ app_begin ] --END-- [ RunTime:0.002000s ]
NOTIC: [2048] Declaration of Admin\Controller\RBACController::error() should be compatible with Think\Controller::error($message = '', $jumpUrl = '', $ajax = false) D:\xampp\htdocs\yynews\Admin\Controller\RBACController.class.php 第 131 行.
SQL: SHOW COLUMNS FROM `access` [ RunTime:0.0040s ]
SQL: update access set access_name='类别管理',urls='categoryManager',status=1 where id=3 [ RunTime:0.0000s ]
SQL: select updata_time from access where id=3 [ RunTime:0.0010s ]
INFO: [ app_end ] --START--
INFO: Run Behavior\ShowPageTraceBehavior [ RunTime:0.001001s ]
INFO: [ app_end ] --END-- [ RunTime:0.001001s ]

[ 2017-06-22T23:09:02+08:00 ] ::1 /yynews/index.php/Admin/RBAC/accessModify
INFO: [ app_begin ] --START--
INFO: Run Behavior\ReadHtmlCacheBehavior [ RunTime:0.001000s ]
INFO: [ app_begin ] --END-- [ RunTime:0.002000s ]
NOTIC: [2048] Declaration of Admin\Controller\RBACController::error() should be compatible with Think\Controller::error($message = '', $jumpUrl = '', $ajax = false) D:\xampp\htdocs\yynews\Admin\Controller\RBACController.class.php 第 131 行.
SQL: SHOW COLUMNS FROM `access` [ RunTime:0.0030s ]
SQL: update access set access_name='类别管理',urls='categoryManager',status=1 where id=3 [ RunTime:0.0010s ]
SQL: select updata_time from access where id=3 [ RunTime:0.0000s ]
INFO: [ app_end ] --START--
INFO: Run Behavior\ShowPageTraceBehavior [ RunTime:0.001000s ]
INFO: [ app_end ] --END-- [ RunTime:0.001000s ]

[ 2017-06-22T23:09:03+08:00 ] ::1 /yynews/index.php/Admin/RBAC/accessModify
INFO: [ app_begin ] --START--
INFO: Run Behavior\ReadHtmlCacheBehavior [ RunTime:0.000000s ]
INFO: [ app_begin ] --END-- [ RunTime:0.001000s ]
NOTIC: [2048] Declaration of Admin\Controller\RBACController::error() should be compatible with Think\Controller::error($message = '', $jumpUrl = '', $ajax = false) D:\xampp\htdocs\yynews\Admin\Controller\RBACController.class.php 第 131 行.
SQL: SHOW COLUMNS FROM `access` [ RunTime:0.0030s ]
SQL: update access set access_name='类别管理',urls='categoryManager',status=1 where id=3 [ RunTime:0.0010s ]
SQL: select updata_time from access where id=3 [ RunTime:0.0000s ]
INFO: [ app_end ] --START--
INFO: Run Behavior\ShowPageTraceBehavior [ RunTime:0.001000s ]
INFO: [ app_end ] --END-- [ RunTime:0.001000s ]

[ 2017-06-22T23:09:04+08:00 ] ::1 /yynews/index.php/Admin/RBAC/accessModify
INFO: [ app_begin ] --START--
INFO: Run Behavior\ReadHtmlCacheBehavior [ RunTime:0.001000s ]
INFO: [ app_begin ] --END-- [ RunTime:0.001000s ]
NOTIC: [2048] Declaration of Admin\Controller\RBACController::error() should be compatible with Think\Controller::error($message = '', $jumpUrl = '', $ajax = false) D:\xampp\htdocs\yynews\Admin\Controller\RBACController.class.php 第 131 行.
SQL: SHOW COLUMNS FROM `access` [ RunTime:0.0040s ]
SQL: update access set access_name='类别管理',urls='categoryManager',status=1 where id=3 [ RunTime:0.0000s ]
SQL: select updata_time from access where id=3 [ RunTime:0.0010s ]
INFO: [ app_end ] --START--
INFO: Run Behavior\ShowPageTraceBehavior [ RunTime:0.001000s ]
INFO: [ app_end ] --END-- [ RunTime:0.001000s ]

[ 2017-06-22T23:12:04+08:00 ] ::1 /yynews/index.php/Admin/RBAC/accessModify
INFO: [ app_begin ] --START--
INFO: Run Behavior\ReadHtmlCacheBehavior [ RunTime:0.001001s ]
INFO: [ app_begin ] --END-- [ RunTime:0.001001s ]
NOTIC: [2048] Declaration of Admin\Controller\RBACController::error() should be compatible with Think\Controller::error($message = '', $jumpUrl = '', $ajax = false) D:\xampp\htdocs\yynews\Admin\Controller\RBACController.class.php 第 131 行.
SQL: SHOW COLUMNS FROM `access` [ RunTime:0.0030s ]
SQL: update access set access_name='类别管理',urls='categoryManager',status=1 where id=3 [ RunTime:0.0190s ]
SQL: select updata_time from access where id=3 [ RunTime:0.0000s ]
INFO: [ app_end ] --START--
INFO: Run Behavior\ShowPageTraceBehavior [ RunTime:0.001000s ]
INFO: [ app_end ] --END-- [ RunTime:0.001000s ]

[ 2017-06-22T23:12:05+08:00 ] ::1 /yynews/index.php/Admin/RBAC/accessModify
INFO: [ app_begin ] --START--
INFO: Run Behavior\ReadHtmlCacheBehavior [ RunTime:0.000000s ]
INFO: [ app_begin ] --END-- [ RunTime:0.001000s ]
NOTIC: [2048] Declaration of Admin\Controller\RBACController::error() should be compatible with Think\Controller::error($message = '', $jumpUrl = '', $ajax = false) D:\xampp\htdocs\yynews\Admin\Controller\RBACController.class.php 第 131 行.
SQL: SHOW COLUMNS FROM `access` [ RunTime:0.0030s ]
SQL: update access set access_name='类别管理',urls='categoryManager',status=1 where id=3 [ RunTime:0.0000s ]
SQL: select updata_time from access where id=3 [ RunTime:0.0010s ]
INFO: [ app_end ] --START--
INFO: Run Behavior\ShowPageTraceBehavior [ RunTime:0.001000s ]
INFO: [ app_end ] --END-- [ RunTime:0.001000s ]

[ 2017-06-22T23:12:05+08:00 ] ::1 /yynews/index.php/Admin/RBAC/accessModify
INFO: [ app_begin ] --START--
INFO: Run Behavior\ReadHtmlCacheBehavior [ RunTime:0.000000s ]
INFO: [ app_begin ] --END-- [ RunTime:0.001000s ]
NOTIC: [2048] Declaration of Admin\Controller\RBACController::error() should be compatible with Think\Controller::error($message = '', $jumpUrl = '', $ajax = false) D:\xampp\htdocs\yynews\Admin\Controller\RBACController.class.php 第 131 行.
SQL: SHOW COLUMNS FROM `access` [ RunTime:0.0030s ]
SQL: update access set access_name='类别管理',urls='categoryManager',status=1 where id=3 [ RunTime:0.0000s ]
SQL: select updata_time from access where id=3 [ RunTime:0.0000s ]
INFO: [ app_end ] --START--
INFO: Run Behavior\ShowPageTraceBehavior [ RunTime:0.001001s ]
INFO: [ app_end ] --END-- [ RunTime:0.001001s ]

[ 2017-06-22T23:12:43+08:00 ] ::1 /yynews/index.php/Admin/RBAC/accessModify
INFO: [ app_begin ] --START--
INFO: Run Behavior\ReadHtmlCacheBehavior [ RunTime:0.001000s ]
INFO: [ app_begin ] --END-- [ RunTime:0.002000s ]
NOTIC: [2048] Declaration of Admin\Controller\RBACController::error() should be compatible with Think\Controller::error($message = '', $jumpUrl = '', $ajax = false) D:\xampp\htdocs\yynews\Admin\Controller\RBACController.class.php 第 131 行.
SQL: SHOW COLUMNS FROM `access` [ RunTime:0.0030s ]
SQL: update access set access_name='类别管理',urls='categoryManager',status=1 where id=3 [ RunTime:0.0010s ]
SQL: select updata_time from access where id=3 [ RunTime:0.0000s ]
INFO: [ app_end ] --START--
INFO: Run Behavior\ShowPageTraceBehavior [ RunTime:0.001000s ]
INFO: [ app_end ] --END-- [ RunTime:0.001000s ]

[ 2017-06-22T23:13:06+08:00 ] ::1 /yynews/index.php/Admin/RBAC/accessModify
INFO: [ app_begin ] --START--
INFO: Run Behavior\ReadHtmlCacheBehavior [ RunTime:0.001000s ]
INFO: [ app_begin ] --END-- [ RunTime:0.002000s ]
NOTIC: [2048] Declaration of Admin\Controller\RBACController::error() should be compatible with Think\Controller::error($message = '', $jumpUrl = '', $ajax = false) D:\xampp\htdocs\yynews\Admin\Controller\RBACController.class.php 第 131 行.
SQL: SHOW COLUMNS FROM `access` [ RunTime:0.0030s ]
SQL: update access set access_name='类别管理',urls='categoryManager',status=1 where id=3 [ RunTime:0.0000s ]
SQL: select updata_time from access where id=3 [ RunTime:0.0010s ]
INFO: [ app_end ] --START--
INFO: Run Behavior\ShowPageTraceBehavior [ RunTime:0.001000s ]
INFO: [ app_end ] --END-- [ RunTime:0.001000s ]

[ 2017-06-22T23:13:07+08:00 ] ::1 /yynews/index.php/Admin/RBAC/accessModify
INFO: [ app_begin ] --START--
INFO: Run Behavior\ReadHtmlCacheBehavior [ RunTime:0.001000s ]
INFO: [ app_begin ] --END-- [ RunTime:0.001000s ]
NOTIC: [2048] Declaration of Admin\Controller\RBACController::error() should be compatible with Think\Controller::error($message = '', $jumpUrl = '', $ajax = false) D:\xampp\htdocs\yynews\Admin\Controller\RBACController.class.php 第 131 行.
SQL: SHOW COLUMNS FROM `access` [ RunTime:0.0030s ]
SQL: update access set access_name='类别管理',urls='categoryManager',status=1 where id=3 [ RunTime:0.0210s ]
SQL: select updata_time from access where id=3 [ RunTime:0.0010s ]
INFO: [ app_end ] --START--
INFO: Run Behavior\ShowPageTraceBehavior [ RunTime:0.001000s ]
INFO: [ app_end ] --END-- [ RunTime:0.001000s ]

[ 2017-06-22T23:13:07+08:00 ] ::1 /yynews/index.php/Admin/RBAC/accessModify
INFO: [ app_begin ] --START--
INFO: Run Behavior\ReadHtmlCacheBehavior [ RunTime:0.001000s ]
INFO: [ app_begin ] --END-- [ RunTime:0.001000s ]
NOTIC: [2048] Declaration of Admin\Controller\RBACController::error() should be compatible with Think\Controller::error($message = '', $jumpUrl = '', $ajax = false) D:\xampp\htdocs\yynews\Admin\Controller\RBACController.class.php 第 131 行.
SQL: SHOW COLUMNS FROM `access` [ RunTime:0.0030s ]
SQL: update access set access_name='类别管理',urls='categoryManager',status=1 where id=3 [ RunTime:0.0000s ]
SQL: select updata_time from access where id=3 [ RunTime:0.0000s ]
INFO: [ app_end ] --START--
INFO: Run Behavior\ShowPageTraceBehavior [ RunTime:0.001000s ]
INFO: [ app_end ] --END-- [ RunTime:0.001000s ]

[ 2017-06-22T23:13:08+08:00 ] ::1 /yynews/index.php/Admin/RBAC/accessModify
INFO: [ app_begin ] --START--
INFO: Run Behavior\ReadHtmlCacheBehavior [ RunTime:0.000000s ]
INFO: [ app_begin ] --END-- [ RunTime:0.001000s ]
NOTIC: [2048] Declaration of Admin\Controller\RBACController::error() should be compatible with Think\Controller::error($message = '', $jumpUrl = '', $ajax = false) D:\xampp\htdocs\yynews\Admin\Controller\RBACController.class.php 第 131 行.
SQL: SHOW COLUMNS FROM `access` [ RunTime:0.0030s ]
SQL: update access set access_name='类别管理',urls='categoryManager',status=1 where id=3 [ RunTime:0.0010s ]
SQL: select updata_time from access where id=3 [ RunTime:0.0000s ]
INFO: [ app_end ] --START--
INFO: Run Behavior\ShowPageTraceBehavior [ RunTime:0.001000s ]
INFO: [ app_end ] --END-- [ RunTime:0.001000s ]

[ 2017-06-22T23:13:09+08:00 ] ::1 /yynews/index.php/Admin/RBAC/accessModify
INFO: [ app_begin ] --START--
INFO: Run Behavior\ReadHtmlCacheBehavior [ RunTime:0.001000s ]
INFO: [ app_begin ] --END-- [ RunTime:0.002000s ]
NOTIC: [2048] Declaration of Admin\Controller\RBACController::error() should be compatible with Think\Controller::error($message = '', $jumpUrl = '', $ajax = false) D:\xampp\htdocs\yynews\Admin\Controller\RBACController.class.php 第 131 行.
SQL: SHOW COLUMNS FROM `access` [ RunTime:0.0610s ]
SQL: update access set access_name='类别管理',urls='categoryManager',status=1 where id=3 [ RunTime:0.0000s ]
SQL: select updata_time from access where id=3 [ RunTime:0.0010s ]
INFO: [ app_end ] --START--
INFO: Run Behavior\ShowPageTraceBehavior [ RunTime:0.002000s ]
INFO: [ app_end ] --END-- [ RunTime:0.002000s ]

[ 2017-06-22T23:13:10+08:00 ] ::1 /yynews/index.php/Admin/RBAC/accessModify
INFO: [ app_begin ] --START--
INFO: Run Behavior\ReadHtmlCacheBehavior [ RunTime:0.001000s ]
INFO: [ app_begin ] --END-- [ RunTime:0.001000s ]
NOTIC: [2048] Declaration of Admin\Controller\RBACController::error() should be compatible with Think\Controller::error($message = '', $jumpUrl = '', $ajax = false) D:\xampp\htdocs\yynews\Admin\Controller\RBACController.class.php 第 131 行.
SQL: SHOW COLUMNS FROM `access` [ RunTime:0.0030s ]
SQL: update access set access_name='类别管理',urls='categoryManager',status=1 where id=3 [ RunTime:0.0000s ]
SQL: select updata_time from access where id=3 [ RunTime:0.0000s ]
INFO: [ app_end ] --START--
INFO: Run Behavior\ShowPageTraceBehavior [ RunTime:0.001000s ]
INFO: [ app_end ] --END-- [ RunTime:0.001000s ]

[ 2017-06-22T23:13:10+08:00 ] ::1 /yynews/index.php/Admin/RBAC/accessModify
INFO: [ app_begin ] --START--
INFO: Run Behavior\ReadHtmlCacheBehavior [ RunTime:0.000000s ]
INFO: [ app_begin ] --END-- [ RunTime:0.001000s ]
NOTIC: [2048] Declaration of Admin\Controller\RBACController::error() should be compatible with Think\Controller::error($message = '', $jumpUrl = '', $ajax = false) D:\xampp\htdocs\yynews\Admin\Controller\RBACController.class.php 第 131 行.
SQL: SHOW COLUMNS FROM `access` [ RunTime:0.0030s ]
SQL: update access set access_name='类别管理',urls='categoryManager',status=1 where id=3 [ RunTime:0.0000s ]
SQL: select updata_time from access where id=3 [ RunTime:0.0010s ]
INFO: [ app_end ] --START--
INFO: Run Behavior\ShowPageTraceBehavior [ RunTime:0.000000s ]
INFO: [ app_end ] --END-- [ RunTime:0.000000s ]

[ 2017-06-22T23:13:32+08:00 ] ::1 /yynews/index.php/Admin/RBAC/accessModify
INFO: [ app_begin ] --START--
INFO: Run Behavior\ReadHtmlCacheBehavior [ RunTime:0.001000s ]
INFO: [ app_begin ] --END-- [ RunTime:0.003000s ]
NOTIC: [2048] Declaration of Admin\Controller\RBACController::error() should be compatible with Think\Controller::error($message = '', $jumpUrl = '', $ajax = false) D:\xampp\htdocs\yynews\Admin\Controller\RBACController.class.php 第 131 行.
SQL: SHOW COLUMNS FROM `access` [ RunTime:0.0030s ]
SQL: update access set access_name='类别管理',urls='categoryManager',status=1 where id=3 [ RunTime:0.0000s ]
SQL: select updata_time from access where id=3 [ RunTime:0.0000s ]
INFO: [ app_end ] --START--
INFO: Run Behavior\ShowPageTraceBehavior [ RunTime:0.001000s ]
INFO: [ app_end ] --END-- [ RunTime:0.001000s ]

[ 2017-06-22T23:13:36+08:00 ] ::1 /yynews/index.php/Admin/RBAC/accessModify
INFO: [ app_begin ] --START--
INFO: Run Behavior\ReadHtmlCacheBehavior [ RunTime:0.001000s ]
INFO: [ app_begin ] --END-- [ RunTime:0.001000s ]
NOTIC: [2048] Declaration of Admin\Controller\RBACController::error() should be compatible with Think\Controller::error($message = '', $jumpUrl = '', $ajax = false) D:\xampp\htdocs\yynews\Admin\Controller\RBACController.class.php 第 131 行.
SQL: SHOW COLUMNS FROM `access` [ RunTime:0.0040s ]
SQL: update access set access_name='类别管理',urls='categoryManager',status=1 where id=3 [ RunTime:0.0000s ]
SQL: select updata_time from access where id=3 [ RunTime:0.0010s ]
INFO: [ app_end ] --START--
INFO: Run Behavior\ShowPageTraceBehavior [ RunTime:0.001000s ]
INFO: [ app_end ] --END-- [ RunTime:0.001000s ]

[ 2017-06-22T23:13:55+08:00 ] ::1 /yynews/index.php/Admin/RBAC/accessModify
INFO: [ app_begin ] --START--
INFO: Run Behavior\ReadHtmlCacheBehavior [ RunTime:0.001000s ]
INFO: [ app_begin ] --END-- [ RunTime:0.001000s ]
NOTIC: [2048] Declaration of Admin\Controller\RBACController::error() should be compatible with Think\Controller::error($message = '', $jumpUrl = '', $ajax = false) D:\xampp\htdocs\yynews\Admin\Controller\RBACController.class.php 第 131 行.
SQL: SHOW COLUMNS FROM `access` [ RunTime:0.0040s ]
SQL: update access set access_name='类别管理',urls='categoryManager',status=1 where id=3 [ RunTime:0.0000s ]
SQL: select updata_time from access where id=3 [ RunTime:0.0000s ]
INFO: [ app_end ] --START--
INFO: Run Behavior\ShowPageTraceBehavior [ RunTime:0.002000s ]
INFO: [ app_end ] --END-- [ RunTime:0.002000s ]

[ 2017-06-22T23:15:23+08:00 ] ::1 /yynews/index.php/Admin/RBAC/accessModify
INFO: [ app_begin ] --START--
INFO: Run Behavior\ReadHtmlCacheBehavior [ RunTime:0.000000s ]
INFO: [ app_begin ] --END-- [ RunTime:0.001000s ]
NOTIC: [2048] Declaration of Admin\Controller\RBACController::error() should be compatible with Think\Controller::error($message = '', $jumpUrl = '', $ajax = false) D:\xampp\htdocs\yynews\Admin\Controller\RBACController.class.php 第 131 行.
SQL: SHOW COLUMNS FROM `access` [ RunTime:0.0030s ]
SQL: update access set access_name='类别管理',urls='categoryManager',status=1 where id=3 [ RunTime:0.0000s ]
SQL: select updata_time from access where id=3 [ RunTime:0.0000s ]
INFO: [ app_end ] --START--
INFO: Run Behavior\ShowPageTraceBehavior [ RunTime:0.001000s ]
INFO: [ app_end ] --END-- [ RunTime:0.001000s ]

[ 2017-06-22T23:21:02+08:00 ] ::1 /yynews/index.php/Admin/RBAC/accessModify
INFO: [ app_begin ] --START--
INFO: Run Behavior\ReadHtmlCacheBehavior [ RunTime:0.001000s ]
INFO: [ app_begin ] --END-- [ RunTime:0.001000s ]
NOTIC: [2048] Declaration of Admin\Controller\RBACController::error() should be compatible with Think\Controller::error($message = '', $jumpUrl = '', $ajax = false) D:\xampp\htdocs\yynews\Admin\Controller\RBACController.class.php 第 131 行.
SQL: SHOW COLUMNS FROM `access` [ RunTime:0.0040s ]
SQL: update access set access_name='类别管理',urls='categoryManager',status=1 where id=3 [ RunTime:0.0010s ]
SQL: select updata_time from access where id=3 [ RunTime:0.0000s ]
INFO: [ app_end ] --START--
INFO: Run Behavior\ShowPageTraceBehavior [ RunTime:0.001000s ]
INFO: [ app_end ] --END-- [ RunTime:0.001000s ]

[ 2017-06-22T23:21:02+08:00 ] ::1 /yynews/index.php/Admin/RBAC/accessModify
INFO: [ app_begin ] --START--
INFO: Run Behavior\ReadHtmlCacheBehavior [ RunTime:0.001000s ]
INFO: [ app_begin ] --END-- [ RunTime:0.002001s ]
NOTIC: [2048] Declaration of Admin\Controller\RBACController::error() should be compatible with Think\Controller::error($message = '', $jumpUrl = '', $ajax = false) D:\xampp\htdocs\yynews\Admin\Controller\RBACController.class.php 第 131 行.
SQL: SHOW COLUMNS FROM `access` [ RunTime:0.0030s ]
SQL: update access set access_name='类别管理',urls='categoryManager',status=1 where id=3 [ RunTime:0.0000s ]
SQL: select updata_time from access where id=3 [ RunTime:0.0000s ]
INFO: [ app_end ] --START--
INFO: Run Behavior\ShowPageTraceBehavior [ RunTime:0.000000s ]
INFO: [ app_end ] --END-- [ RunTime:0.000000s ]

[ 2017-06-22T23:22:18+08:00 ] ::1 /yynews/index.php/Admin/RBAC/accessModify
INFO: [ app_begin ] --START--
INFO: Run Behavior\ReadHtmlCacheBehavior [ RunTime:0.001000s ]
INFO: [ app_begin ] --END-- [ RunTime:0.001000s ]
NOTIC: [2048] Declaration of Admin\Controller\RBACController::error() should be compatible with Think\Controller::error($message = '', $jumpUrl = '', $ajax = false) D:\xampp\htdocs\yynews\Admin\Controller\RBACController.class.php 第 131 行.
SQL: SHOW COLUMNS FROM `access` [ RunTime:0.0030s ]
SQL: update access set access_name='类别管理',urls='categoryManager',status=1 where id=3 [ RunTime:0.0000s ]
SQL: select updata_time from access where id=3 [ RunTime:0.0000s ]
INFO: [ app_end ] --START--
INFO: Run Behavior\ShowPageTraceBehavior [ RunTime:0.001000s ]
INFO: [ app_end ] --END-- [ RunTime:0.001000s ]

[ 2017-06-22T23:22:19+08:00 ] ::1 /yynews/index.php/Admin/RBAC/accessModify
INFO: [ app_begin ] --START--
INFO: Run Behavior\ReadHtmlCacheBehavior [ RunTime:0.001000s ]
INFO: [ app_begin ] --END-- [ RunTime:0.002000s ]
NOTIC: [2048] Declaration of Admin\Controller\RBACController::error() should be compatible with Think\Controller::error($message = '', $jumpUrl = '', $ajax = false) D:\xampp\htdocs\yynews\Admin\Controller\RBACController.class.php 第 131 行.
SQL: SHOW COLUMNS FROM `access` [ RunTime:0.0030s ]
SQL: update access set access_name='类别管理',urls='categoryManager',status=1 where id=3 [ RunTime:0.0000s ]
SQL: select updata_time from access where id=3 [ RunTime:0.0000s ]
INFO: [ app_end ] --START--
INFO: Run Behavior\ShowPageTraceBehavior [ RunTime:0.001000s ]
INFO: [ app_end ] --END-- [ RunTime:0.001000s ]

[ 2017-06-22T23:22:20+08:00 ] ::1 /yynews/index.php/Admin/RBAC/accessModify
INFO: [ app_begin ] --START--
INFO: Run Behavior\ReadHtmlCacheBehavior [ RunTime:0.001000s ]
INFO: [ app_begin ] --END-- [ RunTime:0.001000s ]
NOTIC: [2048] Declaration of Admin\Controller\RBACController::error() should be compatible with Think\Controller::error($message = '', $jumpUrl = '', $ajax = false) D:\xampp\htdocs\yynews\Admin\Controller\RBACController.class.php 第 131 行.
SQL: SHOW COLUMNS FROM `access` [ RunTime:0.0030s ]
SQL: update access set access_name='类别管理',urls='categoryManager',status=1 where id=3 [ RunTime:0.0000s ]
SQL: select updata_time from access where id=3 [ RunTime:0.0000s ]
INFO: [ app_end ] --START--
INFO: Run Behavior\ShowPageTraceBehavior [ RunTime:0.000000s ]
INFO: [ app_end ] --END-- [ RunTime:0.000000s ]

[ 2017-06-22T23:27:50+08:00 ] ::1 /yynews/index.php/Admin/RBAC/accessModify
INFO: [ app_begin ] --START--
INFO: Run Behavior\ReadHtmlCacheBehavior [ RunTime:0.001000s ]
INFO: [ app_begin ] --END-- [ RunTime:0.001000s ]
NOTIC: [2048] Declaration of Admin\Controller\RBACController::error() should be compatible with Think\Controller::error($message = '', $jumpUrl = '', $ajax = false) D:\xampp\htdocs\yynews\Admin\Controller\RBACController.class.php 第 131 行.
SQL: SHOW COLUMNS FROM `access` [ RunTime:0.0040s ]
SQL: update access set access_name='类别管理',urls='categoryManager',status=0 where id=3 [ RunTime:0.1470s ]
SQL: select updata_time from access where id=3 [ RunTime:0.0000s ]
INFO: [ app_end ] --START--
INFO: Run Behavior\ShowPageTraceBehavior [ RunTime:0.002000s ]
INFO: [ app_end ] --END-- [ RunTime:0.002000s ]

[ 2017-06-22T23:27:51+08:00 ] ::1 /yynews/index.php/Admin/RBAC/accessModify
INFO: [ app_begin ] --START--
INFO: Run Behavior\ReadHtmlCacheBehavior [ RunTime:0.000000s ]
INFO: [ app_begin ] --END-- [ RunTime:0.002000s ]
NOTIC: [2048] Declaration of Admin\Controller\RBACController::error() should be compatible with Think\Controller::error($message = '', $jumpUrl = '', $ajax = false) D:\xampp\htdocs\yynews\Admin\Controller\RBACController.class.php 第 131 行.
SQL: SHOW COLUMNS FROM `access` [ RunTime:0.0030s ]
SQL: update access set access_name='类别管理',urls='categoryManager',status=0 where id=3 [ RunTime:0.0000s ]
SQL: select updata_time from access where id=3 [ RunTime:0.0000s ]
INFO: [ app_end ] --START--
INFO: Run Behavior\ShowPageTraceBehavior [ RunTime:0.001000s ]
INFO: [ app_end ] --END-- [ RunTime:0.001000s ]

[ 2017-06-22T23:27:54+08:00 ] ::1 /yynews/index.php/Admin/RBAC/accessModify
INFO: [ app_begin ] --START--
INFO: Run Behavior\ReadHtmlCacheBehavior [ RunTime:0.001000s ]
INFO: [ app_begin ] --END-- [ RunTime:0.001000s ]
NOTIC: [2048] Declaration of Admin\Controller\RBACController::error() should be compatible with Think\Controller::error($message = '', $jumpUrl = '', $ajax = false) D:\xampp\htdocs\yynews\Admin\Controller\RBACController.class.php 第 131 行.
SQL: SHOW COLUMNS FROM `access` [ RunTime:0.0030s ]
SQL: update access set access_name='类别管理1',urls='categoryManager',status=0 where id=3 [ RunTime:0.1260s ]
SQL: select updata_time from access where id=3 [ RunTime:0.0000s ]
INFO: [ app_end ] --START--
INFO: Run Behavior\ShowPageTraceBehavior [ RunTime:0.002000s ]
INFO: [ app_end ] --END-- [ RunTime:0.003000s ]

[ 2017-06-22T23:27:57+08:00 ] ::1 /yynews/index.php/Admin/RBAC/accessModify
INFO: [ app_begin ] --START--
INFO: Run Behavior\ReadHtmlCacheBehavior [ RunTime:0.001000s ]
INFO: [ app_begin ] --END-- [ RunTime:0.001000s ]
NOTIC: [2048] Declaration of Admin\Controller\RBACController::error() should be compatible with Think\Controller::error($message = '', $jumpUrl = '', $ajax = false) D:\xampp\htdocs\yynews\Admin\Controller\RBACController.class.php 第 131 行.
SQL: SHOW COLUMNS FROM `access` [ RunTime:0.0030s ]
SQL: update access set access_name='类别管理',urls='categoryManager',status=0 where id=3 [ RunTime:0.1030s ]
SQL: select updata_time from access where id=3 [ RunTime:0.0010s ]
INFO: [ app_end ] --START--
INFO: Run Behavior\ShowPageTraceBehavior [ RunTime:0.000000s ]
INFO: [ app_end ] --END-- [ RunTime:0.001001s ]

[ 2017-06-22T23:27:58+08:00 ] ::1 /yynews/index.php/Admin/RBAC/accessModify
INFO: [ app_begin ] --START--
INFO: Run Behavior\ReadHtmlCacheBehavior [ RunTime:0.000000s ]
INFO: [ app_begin ] --END-- [ RunTime:0.000000s ]
NOTIC: [2048] Declaration of Admin\Controller\RBACController::error() should be compatible with Think\Controller::error($message = '', $jumpUrl = '', $ajax = false) D:\xampp\htdocs\yynews\Admin\Controller\RBACController.class.php 第 131 行.
SQL: SHOW COLUMNS FROM `access` [ RunTime:0.0030s ]
SQL: update access set access_name='友情链接管理',urls='linkManager',status=1 where id=4 [ RunTime:0.0000s ]
SQL: select updata_time from access where id=4 [ RunTime:0.0000s ]
INFO: [ app_end ] --START--
INFO: Run Behavior\ShowPageTraceBehavior [ RunTime:0.000000s ]
INFO: [ app_end ] --END-- [ RunTime:0.001000s ]

[ 2017-06-22T23:27:59+08:00 ] ::1 /yynews/index.php/Admin/RBAC/accessModify
INFO: [ app_begin ] --START--
INFO: Run Behavior\ReadHtmlCacheBehavior [ RunTime:0.001000s ]
INFO: [ app_begin ] --END-- [ RunTime:0.001000s ]
NOTIC: [2048] Declaration of Admin\Controller\RBACController::error() should be compatible with Think\Controller::error($message = '', $jumpUrl = '', $ajax = false) D:\xampp\htdocs\yynews\Admin\Controller\RBACController.class.php 第 131 行.
SQL: SHOW COLUMNS FROM `access` [ RunTime:0.0030s ]
SQL: update access set access_name='友情链接管理',urls='linkManager',status=1 where id=4 [ RunTime:0.0000s ]
SQL: select updata_time from access where id=4 [ RunTime:0.0010s ]
INFO: [ app_end ] --START--
INFO: Run Behavior\ShowPageTraceBehavior [ RunTime:0.000000s ]
INFO: [ app_end ] --END-- [ RunTime:0.000000s ]

[ 2017-06-22T23:28:00+08:00 ] ::1 /yynews/index.php/Admin/RBAC/accessModify
INFO: [ app_begin ] --START--
INFO: Run Behavior\ReadHtmlCacheBehavior [ RunTime:0.001000s ]
INFO: [ app_begin ] --END-- [ RunTime:0.001000s ]
NOTIC: [2048] Declaration of Admin\Controller\RBACController::error() should be compatible with Think\Controller::error($message = '', $jumpUrl = '', $ajax = false) D:\xampp\htdocs\yynews\Admin\Controller\RBACController.class.php 第 131 行.
SQL: SHOW COLUMNS FROM `access` [ RunTime:0.0040s ]
SQL: update access set access_name='评论管理',urls='commentManager',status=1 where id=5 [ RunTime:0.0000s ]
SQL: select updata_time from access where id=5 [ RunTime:0.0000s ]
INFO: [ app_end ] --START--
INFO: Run Behavior\ShowPageTraceBehavior [ RunTime:0.001000s ]
INFO: [ app_end ] --END-- [ RunTime:0.001000s ]

[ 2017-06-22T23:28:01+08:00 ] ::1 /yynews/index.php/Admin/RBAC/accessModify
INFO: [ app_begin ] --START--
INFO: Run Behavior\ReadHtmlCacheBehavior [ RunTime:0.001000s ]
INFO: [ app_begin ] --END-- [ RunTime:0.002000s ]
NOTIC: [2048] Declaration of Admin\Controller\RBACController::error() should be compatible with Think\Controller::error($message = '', $jumpUrl = '', $ajax = false) D:\xampp\htdocs\yynews\Admin\Controller\RBACController.class.php 第 131 行.
SQL: SHOW COLUMNS FROM `access` [ RunTime:0.0030s ]
SQL: update access set access_name='评论管理',urls='commentManager',status=1 where id=5 [ RunTime:0.0000s ]
SQL: select updata_time from access where id=5 [ RunTime:0.0000s ]
INFO: [ app_end ] --START--
INFO: Run Behavior\ShowPageTraceBehavior [ RunTime:0.001000s ]
INFO: [ app_end ] --END-- [ RunTime:0.002000s ]

[ 2017-06-22T23:28:02+08:00 ] ::1 /yynews/index.php/Admin/RBAC/accessModify
INFO: [ app_begin ] --START--
INFO: Run Behavior\ReadHtmlCacheBehavior [ RunTime:0.000000s ]
INFO: [ app_begin ] --END-- [ RunTime:0.001000s ]
NOTIC: [2048] Declaration of Admin\Controller\RBACController::error() should be compatible with Think\Controller::error($message = '', $jumpUrl = '', $ajax = false) D:\xampp\htdocs\yynews\Admin\Controller\RBACController.class.php 第 131 行.
SQL: SHOW COLUMNS FROM `access` [ RunTime:0.0030s ]
SQL: update access set access_name='评论管理',urls='commentManager',status=1 where id=5 [ RunTime:0.0000s ]
SQL: select updata_time from access where id=5 [ RunTime:0.0000s ]
INFO: [ app_end ] --START--
INFO: Run Behavior\ShowPageTraceBehavior [ RunTime:0.001000s ]
INFO: [ app_end ] --END-- [ RunTime:0.001000s ]

[ 2017-06-22T23:28:17+08:00 ] ::1 /yynews/index.php/Admin/RBAC/accessModify
INFO: [ app_begin ] --START--
INFO: Run Behavior\ReadHtmlCacheBehavior [ RunTime:0.001000s ]
INFO: [ app_begin ] --END-- [ RunTime:0.001000s ]
NOTIC: [2048] Declaration of Admin\Controller\RBACController::error() should be compatible with Think\Controller::error($message = '', $jumpUrl = '', $ajax = false) D:\xampp\htdocs\yynews\Admin\Controller\RBACController.class.php 第 131 行.
SQL: SHOW COLUMNS FROM `access` [ RunTime:0.0030s ]
SQL: update access set access_name='类别管理',urls='categoryManager',status=1 where id=3 [ RunTime:0.0790s ]
SQL: select updata_time from access where id=3 [ RunTime:0.0010s ]
INFO: [ app_end ] --START--
INFO: Run Behavior\ShowPageTraceBehavior [ RunTime:0.002000s ]
INFO: [ app_end ] --END-- [ RunTime:0.002000s ]

[ 2017-06-22T23:28:19+08:00 ] ::1 /yynews/index.php/Admin/RBAC/accessModify
INFO: [ app_begin ] --START--
INFO: Run Behavior\ReadHtmlCacheBehavior [ RunTime:0.001000s ]
INFO: [ app_begin ] --END-- [ RunTime:0.001000s ]
NOTIC: [2048] Declaration of Admin\Controller\RBACController::error() should be compatible with Think\Controller::error($message = '', $jumpUrl = '', $ajax = false) D:\xampp\htdocs\yynews\Admin\Controller\RBACController.class.php 第 131 行.
SQL: SHOW COLUMNS FROM `access` [ RunTime:0.0030s ]
SQL: update access set access_name='类别管理',urls='categoryManager',status=1 where id=3 [ RunTime:0.0000s ]
SQL: select updata_time from access where id=3 [ RunTime:0.0010s ]
INFO: [ app_end ] --START--
INFO: Run Behavior\ShowPageTraceBehavior [ RunTime:0.000000s ]
INFO: [ app_end ] --END-- [ RunTime:0.000000s ]

